#
# A fatal error has been detected by the Java Runtime Environment:
#
#  SIGSEGV (0xb) at pc=0x00007f9b39363771, pid=9759, tid=0x00007f9b23db9700
#
# JRE version: OpenJDK Runtime Environment (8.0_92-b14) (build 1.8.0_92-b14)
# Java VM: OpenJDK 64-Bit Server VM (25.92-b14 mixed mode linux-amd64 compressed oops)
# Problematic frame:
# V  [libjvm.so+0x622771]
#
# Core dump written. Default location: /home/zenon/Documents/uni/2016SS/algodat/ad1/core or core.9759
#
# If you would like to submit a bug report, please visit:
#   http://bugreport.java.com/bugreport/crash.jsp
#

---------------  T H R E A D  ---------------

Current thread (0x00007f9b34027800):  GCTaskThread [stack: 0x00007f9b23cb9000,0x00007f9b23dba000] [id=9769]

siginfo: si_signo: 11 (SIGSEGV), si_code: 1 (SEGV_MAPERR), si_addr: 0x00000000039802e8

Registers:
RAX=0x00007f9b39c3dd20, RBX=0x00007f9b34142ec0, RCX=0x0000000000000003, RDX=0x00007f9b08290000
RSP=0x00007f9b23db8b70, RBP=0x00007f9b23db8be0, RSI=0x00000000039802e0, RDI=0x00000000860e1df0
R8 =0x00007f9b39c65540, R9 =0x00000000860e1df0, R10=0x0000000000000001, R11=0x0000000000800000
R12=0x00000000b23406b8, R13=0x00000001000d9e98, R14=0x00000000b23406ac, R15=0x00000000860e1df0
RIP=0x00007f9b39363771, EFLAGS=0x0000000000010202, CSGSFS=0x0000000000000033, ERR=0x0000000000000004
  TRAPNO=0x000000000000000e

Top of Stack: (sp=0x00007f9b23db8b70)
0x00007f9b23db8b70:   00007f9b23db8be0 00007f9b3935e277
0x00007f9b23db8b80:   00007f9b34028190 00007f9b34142f00
0x00007f9b23db8b90:   00000000b2340690 00000001000d9ea0
0x00007f9b23db8ba0:   00007f9b39c65540 0000000000000006
0x00007f9b23db8bb0:   0000000000000001 00007f9b39c61848
0x00007f9b23db8bc0:   00000000d92597a8 00007f9b34142ec0
0x00007f9b23db8bd0:   0000000000000001 00007f9b34142ec0
0x00007f9b23db8be0:   00007f9b23db8ce0 00007f9b39647aef
0x00007f9b23db8bf0:   00007f9b34054b40 00007f9b398228d0
0x00007f9b23db8c00:   00007f9b34142f50 000000000000fc00
0x00007f9b23db8c10:   000000000003a9e1 00007f9b34142ed0
0x00007f9b23db8c20:   0000000000000005 00007f9b39c5bc29
0x00007f9b23db8c30:   00000000d921a798 00000000d92597a8
0x00007f9b23db8c40:   00007f9b341c3c68 00000000b2340690
0x00007f9b23db8c50:   00000000d921a798 000000000000fa00
0x00007f9b23db8c60:   00000000d921a798 000000000000fc00
0x00007f9b23db8c70:   000012b0000000ff 0000000085200000
0x00007f9b23db8c80:   00007f9b23db8ce0 00007f9b3962d9d0
0x00007f9b23db8c90:   000023f500000113 00007f9b39659385
0x00007f9b23db8ca0:   000023f500000114 227d7a104701bf00
0x00007f9b23db8cb0:   00007f9b23db8d20 00000000d924e7a8
0x00007f9b23db8cc0:   0000000000000000 00007f9b23db8d64
0x00007f9b23db8cd0:   0000000000000005 00007f9b23db8d68
0x00007f9b23db8ce0:   00007f9b23db8e00 00007f9b3962d3d1
0x00007f9b23db8cf0:   00007f9b34054b40 00007f9b398228d0
0x00007f9b23db8d00:   00007f9b23db8d68 00007f9b23db8d64
0x00007f9b23db8d10:   0000000523db8e00 00007f9b23db8d90
0x00007f9b23db8d20:   0000000000000005 000000000003a9e1
0x00007f9b23db8d30:   000000000000d000 00007f9b39c5bc29
0x00007f9b23db8d40:   00007f9b23db8d70 00000000d921a798
0x00007f9b23db8d50:   00007f9adc117650 00007f9b34142ec0
0x00007f9b23db8d60:   03e483d623db8d30 0000000000000000 

Instructions: (pc=0x00007f9b39363771)
0x00007f9b39363751:   8d 35 c6 55 47 00 bf 03 00 00 00 e8 9f b6 0f 00
0x00007f9b39363761:   eb b5 e8 58 b3 bc ff 31 db e9 d1 fe ff ff 90 55
0x00007f9b39363771:   8b 4e 08 48 89 f2 48 89 e5 83 f9 00 7e 11 f6 c1
0x00007f9b39363781:   01 75 0e 89 c8 c1 f8 03 5d c3 0f 1f 44 00 00 75 

Register to memory mapping:

RAX=0x00007f9b39c3dd20: <offset 0xefcd20> in /usr/lib/jvm/java-8-openjdk/jre/lib/amd64/server/libjvm.so at 0x00007f9b38d41000
RBX=0x00007f9b34142ec0 is an unknown value
RCX=0x0000000000000003 is an unknown value
RDX=0x00007f9b08290000 is an unknown value
RSP=0x00007f9b23db8b70 is an unknown value
RBP=0x00007f9b23db8be0 is an unknown value
RSI=0x00000000039802e0 is an unknown value
RDI=0x00000000860e1df0 is pointing into object: 0x00000000860e1de8
[C 
 - klass: {type array char}
 - length: 3
R8 =0x00007f9b39c65540: <offset 0xf24540> in /usr/lib/jvm/java-8-openjdk/jre/lib/amd64/server/libjvm.so at 0x00007f9b38d41000
R9 =0x00000000860e1df0 is pointing into object: 0x00000000860e1de8
[C 
 - klass: {type array char}
 - length: 3
R10=0x0000000000000001 is an unknown value
R11=0x0000000000800000 is an unknown value
R12=0x00000000b23406b8 is an oop
eu.nyerel.panda.monitoringresult.calltree.CallTreeNodeDuration 
 - klass: 'eu/nyerel/panda/monitoringresult/calltree/CallTreeNodeDuration'
R13=0x00000001000d9e98 is pointing into metadata
R14=0x00000000b23406ac is pointing into object: 0x00000000b2340690
eu.nyerel.panda.monitoringresult.calltree.CallTreeNode 
 - klass: 'eu/nyerel/panda/monitoringresult/calltree/CallTreeNode'
R15=0x00000000860e1df0 is pointing into object: 0x00000000860e1de8
[C 
 - klass: {type array char}
 - length: 3


Stack: [0x00007f9b23cb9000,0x00007f9b23dba000],  sp=0x00007f9b23db8b70,  free space=1022k
Native frames: (J=compiled Java code, j=interpreted, Vv=VM code, C=native code)
V  [libjvm.so+0x622771]
V  [libjvm.so+0x906aef]
V  [libjvm.so+0x8ec3d1]
V  [libjvm.so+0x5a3a42]
V  [libjvm.so+0x8a7902]


---------------  P R O C E S S  ---------------

Java Threads: ( => current thread )
  0x00007f9aec003000 JavaThread "RMI TCP Connection(3)-127.0.0.1" daemon [_thread_blocked, id=9799, stack(0x00007f9ac7cfd000,0x00007f9ac7dfe000)]
  0x00007f9abc012000 JavaThread "RMI Scheduler(0)" daemon [_thread_blocked, id=9795, stack(0x00007f9ac7dfe000,0x00007f9ac7eff000)]
  0x00007f9aec001800 JavaThread "RMI TCP Connection(1)-127.0.0.1" daemon [_thread_in_native, id=9794, stack(0x00007f9ac7eff000,0x00007f9ac8000000)]
  0x00007f9b34009800 JavaThread "DestroyJavaVM" [_thread_blocked, id=9761, stack(0x00007f9b3a952000,0x00007f9b3aa53000)]
  0x00007f9b34376800 JavaThread "Monitor Ctrl-Break" daemon [_thread_in_native, id=9790, stack(0x00007f9b2003b000,0x00007f9b2013c000)]
  0x00007f9b34351800 JavaThread "Service Thread" daemon [_thread_blocked, id=9788, stack(0x00007f9b2023d000,0x00007f9b2033e000)]
  0x00007f9b3434b000 JavaThread "C1 CompilerThread3" daemon [_thread_blocked, id=9787, stack(0x00007f9b2033e000,0x00007f9b2043f000)]
  0x00007f9b34349000 JavaThread "C2 CompilerThread2" daemon [_thread_blocked, id=9786, stack(0x00007f9b2043f000,0x00007f9b20540000)]
  0x00007f9b34347000 JavaThread "C2 CompilerThread1" daemon [_thread_blocked, id=9785, stack(0x00007f9b20540000,0x00007f9b20641000)]
  0x00007f9b34345000 JavaThread "C2 CompilerThread0" daemon [_thread_blocked, id=9784, stack(0x00007f9b20641000,0x00007f9b20742000)]
  0x00007f9b34340000 JavaThread "GC Daemon" daemon [_thread_blocked, id=9783, stack(0x00007f9b20742000,0x00007f9b20843000)]
  0x00007f9b34324000 JavaThread "RMI Reaper" [_thread_blocked, id=9782, stack(0x00007f9b20843000,0x00007f9b20944000)]
  0x00007f9b3431d000 JavaThread "RMI TCP Accept-14864" daemon [_thread_in_native, id=9781, stack(0x00007f9b20944000,0x00007f9b20a45000)]
  0x00007f9b34205800 JavaThread "Signal Dispatcher" daemon [_thread_blocked, id=9780, stack(0x00007f9b20c5c000,0x00007f9b20d5d000)]
  0x00007f9b341d3000 JavaThread "Finalizer" daemon [_thread_blocked, id=9779, stack(0x00007f9b20ef5000,0x00007f9b20ff6000)]
  0x00007f9b341ce000 JavaThread "Reference Handler" daemon [_thread_blocked, id=9778, stack(0x00007f9b20ff6000,0x00007f9b210f7000)]

Other Threads:
  0x00007f9b341c6800 VMThread [stack: 0x00007f9b210f7000,0x00007f9b211f8000] [id=9777]
  0x00007f9b34354000 WatcherThread [stack: 0x00007f9b2013c000,0x00007f9b2023d000] [id=9789]

=>0x00007f9b34027800 (exited) GCTaskThread [stack: 0x00007f9b23cb9000,0x00007f9b23dba000] [id=9769]

VM state:at safepoint (normal execution)

VM Mutex/Monitor currently owned by a thread:  ([mutex/lock_event])
[0x00007f9b34007950] Threads_lock - owner thread: 0x00007f9b341c6800
[0x00007f9b34007e50] Heap_lock - owner thread: 0x00007f9aec003000

Heap:
 PSYoungGen      total 255488K, used 146041K [0x00000000d7100000, 0x00000000f4a00000, 0x0000000100000000)
  eden space 32256K, 0% used [0x00000000d7100000,0x00000000d7100000,0x00000000d9080000)
  from space 223232K, 65% used [0x00000000d9080000,0x00000000e1f1e7c0,0x00000000e6a80000)
  to   space 223232K, 0% used [0x00000000e7000000,0x00000000e7000000,0x00000000f4a00000)
 ParOldGen       total 829952K, used 745361K [0x0000000085200000, 0x00000000b7c80000, 0x00000000d7100000)
  object space 829952K, 89% used [0x0000000085200000,0x00000000b29e47a8,0x00000000b7c80000)
 Metaspace       used 8484K, capacity 8692K, committed 8960K, reserved 1056768K
  class space    used 942K, capacity 1004K, committed 1024K, reserved 1048576K

Card table byte_map: [0x00007f9b2444e000,0x00007f9b24826000] byte_map_base: 0x00007f9b24025000

Marking Bits: (ParMarkBitMap*) 0x00007f9b39c65540
 Begin Bits: [0x00007f9b08290000, 0x00007f9b0a148000)
 End Bits:   [0x00007f9b0a148000, 0x00007f9b0c000000)

Polling page: 0x00007f9b3aa88000

CodeCache: size=245760Kb used=3469Kb max_used=3544Kb free=242290Kb
 bounds [0x00007f9b24be6000, 0x00007f9b24f66000, 0x00007f9b33be6000]
 total_blobs=1144 nmethods=812 adapters=247
 compilation: enabled

Compilation events (10 events):
Event: 30.291 Thread 0x00007f9b3434b000  853       3       java.lang.reflect.AccessibleObject::<init> (5 bytes)
Event: 30.291 Thread 0x00007f9b3434b000 nmethod 853 0x00007f9b24d33b90 code [0x00007f9b24d33d00, 0x00007f9b24d33eb0]
Event: 30.295 Thread 0x00007f9b3434b000  858       1       sun.reflect.ByteVectorImpl::getLength (7 bytes)
Event: 30.295 Thread 0x00007f9b3434b000 nmethod 858 0x00007f9b24f10b50 code [0x00007f9b24f10ca0, 0x00007f9b24f10db0]
Event: 30.295 Thread 0x00007f9b3434b000  855       3       sun.reflect.ClassFileAssembler::emitConstantPoolClass (23 bytes)
Event: 30.295 Thread 0x00007f9b3434b000 nmethod 855 0x00007f9b24d605d0 code [0x00007f9b24d60780, 0x00007f9b24d60c08]
Event: 30.295 Thread 0x00007f9b3434b000  854       3       java.lang.Class::checkMemberAccess (49 bytes)
Event: 30.296 Thread 0x00007f9b3434b000 nmethod 854 0x00007f9b24d8ad10 code [0x00007f9b24d8aec0, 0x00007f9b24d8b418]
Event: 30.296 Thread 0x00007f9b3434b000  856       1       sun.reflect.ClassFileAssembler::getStack (5 bytes)
Event: 30.296 Thread 0x00007f9b3434b000 nmethod 856 0x00007f9b24d8aa10 code [0x00007f9b24d8ab60, 0x00007f9b24d8ac70]

GC Heap History (10 events):
Event: 31.756 GC heap after
Heap after GC invocations=85 (full 8):
 PSYoungGen      total 247296K, used 221497K [0x00000000d7100000, 0x00000000f4000000, 0x0000000100000000)
  eden space 24064K, 0% used [0x00000000d7100000,0x00000000d7100000,0x00000000d8880000)
  from space 223232K, 99% used [0x00000000d8880000,0x00000000e60ce460,0x00000000e6280000)
  to   space 223232K, 0% used [0x00000000e6600000,0x00000000e6600000,0x00000000f4000000)
 ParOldGen       total 829952K, used 566906K [0x0000000085200000, 0x00000000b7c80000, 0x00000000d7100000)
  object space 829952K, 68% used [0x0000000085200000,0x00000000a7b9eae8,0x00000000b7c80000)
 Metaspace       used 8484K, capacity 8692K, committed 8960K, reserved 1056768K
  class space    used 942K, capacity 1004K, committed 1024K, reserved 1048576K
}
Event: 31.767 GC heap before
{Heap before GC invocations=86 (full 8):
 PSYoungGen      total 247296K, used 245561K [0x00000000d7100000, 0x00000000f4000000, 0x0000000100000000)
  eden space 24064K, 100% used [0x00000000d7100000,0x00000000d8880000,0x00000000d8880000)
  from space 223232K, 99% used [0x00000000d8880000,0x00000000e60ce460,0x00000000e6280000)
  to   space 223232K, 0% used [0x00000000e6600000,0x00000000e6600000,0x00000000f4000000)
 ParOldGen       total 829952K, used 566906K [0x0000000085200000, 0x00000000b7c80000, 0x00000000d7100000)
  object space 829952K, 68% used [0x0000000085200000,0x00000000a7b9eae8,0x00000000b7c80000)
 Metaspace       used 8484K, capacity 8692K, committed 8960K, reserved 1056768K
  class space    used 942K, capacity 1004K, committed 1024K, reserved 1048576K
Event: 31.875 GC heap after
Heap after GC invocations=86 (full 8):
 PSYoungGen      total 250880K, used 223210K [0x00000000d7100000, 0x00000000f4080000, 0x0000000100000000)
  eden space 27648K, 0% used [0x00000000d7100000,0x00000000d7100000,0x00000000d8c00000)
  from space 223232K, 99% used [0x00000000e6600000,0x00000000f3ffaa50,0x00000000f4000000)
  to   space 223232K, 0% used [0x00000000d8c00000,0x00000000d8c00000,0x00000000e6600000)
 ParOldGen       total 829952K, used 587362K [0x0000000085200000, 0x00000000b7c80000, 0x00000000d7100000)
  object space 829952K, 70% used [0x0000000085200000,0x00000000a8f98ae8,0x00000000b7c80000)
 Metaspace       used 8484K, capacity 8692K, committed 8960K, reserved 1056768K
  class space    used 942K, capacity 1004K, committed 1024K, reserved 1048576K
}
Event: 31.887 GC heap before
{Heap before GC invocations=87 (full 8):
 PSYoungGen      total 250880K, used 250858K [0x00000000d7100000, 0x00000000f4080000, 0x0000000100000000)
  eden space 27648K, 100% used [0x00000000d7100000,0x00000000d8c00000,0x00000000d8c00000)
  from space 223232K, 99% used [0x00000000e6600000,0x00000000f3ffaa50,0x00000000f4000000)
  to   space 223232K, 0% used [0x00000000d8c00000,0x00000000d8c00000,0x00000000e6600000)
 ParOldGen       total 829952K, used 587362K [0x0000000085200000, 0x00000000b7c80000, 0x00000000d7100000)
  object space 829952K, 70% used [0x0000000085200000,0x00000000a8f98ae8,0x00000000b7c80000)
 Metaspace       used 8484K, capacity 8692K, committed 8960K, reserved 1056768K
  class space    used 942K, capacity 1004K, committed 1024K, reserved 1048576K
Event: 31.985 GC heap after
Heap after GC invocations=87 (full 8):
 PSYoungGen      total 250880K, used 223216K [0x00000000d7100000, 0x00000000f4480000, 0x0000000100000000)
  eden space 27648K, 0% used [0x00000000d7100000,0x00000000d7100000,0x00000000d8c00000)
  from space 223232K, 99% used [0x00000000d8c00000,0x00000000e65fc000,0x00000000e6600000)
  to   space 223232K, 0% used [0x00000000e6a80000,0x00000000e6a80000,0x00000000f4480000)
 ParOldGen       total 829952K, used 612986K [0x0000000085200000, 0x00000000b7c80000, 0x00000000d7100000)
  object space 829952K, 73% used [0x0000000085200000,0x00000000aa89eae8,0x00000000b7c80000)
 Metaspace       used 8484K, capacity 8692K, committed 8960K, reserved 1056768K
  class space    used 942K, capacity 1004K, committed 1024K, reserved 1048576K
}
Event: 31.998 GC heap before
{Heap before GC invocations=88 (full 8):
 PSYoungGen      total 250880K, used 250864K [0x00000000d7100000, 0x00000000f4480000, 0x0000000100000000)
  eden space 27648K, 100% used [0x00000000d7100000,0x00000000d8c00000,0x00000000d8c00000)
  from space 223232K, 99% used [0x00000000d8c00000,0x00000000e65fc000,0x00000000e6600000)
  to   space 223232K, 0% used [0x00000000e6a80000,0x00000000e6a80000,0x00000000f4480000)
 ParOldGen       total 829952K, used 612986K [0x0000000085200000, 0x00000000b7c80000, 0x00000000d7100000)
  object space 829952K, 73% used [0x0000000085200000,0x00000000aa89eae8,0x00000000b7c80000)
 Metaspace       used 8484K, capacity 8692K, committed 8960K, reserved 1056768K
  class space    used 942K, capacity 1004K, committed 1024K, reserved 1048576K
Event: 32.091 GC heap after
Heap after GC invocations=88 (full 8):
 PSYoungGen      total 255488K, used 201632K [0x00000000d7100000, 0x00000000f4480000, 0x0000000100000000)
  eden space 32256K, 0% used [0x00000000d7100000,0x00000000d7100000,0x00000000d9080000)
  from space 223232K, 90% used [0x00000000e6a80000,0x00000000f2f681f0,0x00000000f4480000)
  to   space 223232K, 0% used [0x00000000d9080000,0x00000000d9080000,0x00000000e6a80000)
 ParOldGen       total 829952K, used 660246K [0x0000000085200000, 0x00000000b7c80000, 0x00000000d7100000)
  object space 829952K, 79% used [0x0000000085200000,0x00000000ad6c5a18,0x00000000b7c80000)
 Metaspace       used 8484K, capacity 8692K, committed 8960K, reserved 1056768K
  class space    used 942K, capacity 1004K, committed 1024K, reserved 1048576K
}
Event: 32.107 GC heap before
{Heap before GC invocations=89 (full 8):
 PSYoungGen      total 255488K, used 233441K [0x00000000d7100000, 0x00000000f4480000, 0x0000000100000000)
  eden space 32256K, 98% used [0x00000000d7100000,0x00000000d9010428,0x00000000d9080000)
  from space 223232K, 90% used [0x00000000e6a80000,0x00000000f2f681f0,0x00000000f4480000)
  to   space 223232K, 0% used [0x00000000d9080000,0x00000000d9080000,0x00000000e6a80000)
 ParOldGen       total 829952K, used 660246K [0x0000000085200000, 0x00000000b7c80000, 0x00000000d7100000)
  object space 829952K, 79% used [0x0000000085200000,0x00000000ad6c5a18,0x00000000b7c80000)
 Metaspace       used 8484K, capacity 8692K, committed 8960K, reserved 1056768K
  class space    used 942K, capacity 1004K, committed 1024K, reserved 1048576K
Event: 32.187 GC heap after
Heap after GC invocations=89 (full 8):
 PSYoungGen      total 255488K, used 146041K [0x00000000d7100000, 0x00000000f4a00000, 0x0000000100000000)
  eden space 32256K, 0% used [0x00000000d7100000,0x00000000d7100000,0x00000000d9080000)
  from space 223232K, 65% used [0x00000000d9080000,0x00000000e1f1e7c0,0x00000000e6a80000)
  to   space 223232K, 0% used [0x00000000e7000000,0x00000000e7000000,0x00000000f4a00000)
 ParOldGen       total 829952K, used 745361K [0x0000000085200000, 0x00000000b7c80000, 0x00000000d7100000)
  object space 829952K, 89% used [0x0000000085200000,0x00000000b29e47a8,0x00000000b7c80000)
 Metaspace       used 8484K, capacity 8692K, committed 8960K, reserved 1056768K
  class space    used 942K, capacity 1004K, committed 1024K, reserved 1048576K
}
Event: 32.187 GC heap before
{Heap before GC invocations=90 (full 9):
 PSYoungGen      total 255488K, used 146041K [0x00000000d7100000, 0x00000000f4a00000, 0x0000000100000000)
  eden space 32256K, 0% used [0x00000000d7100000,0x00000000d7100000,0x00000000d9080000)
  from space 223232K, 65% used [0x00000000d9080000,0x00000000e1f1e7c0,0x00000000e6a80000)
  to   space 223232K, 0% used [0x00000000e7000000,0x00000000e7000000,0x00000000f4a00000)
 ParOldGen       total 829952K, used 745361K [0x0000000085200000, 0x00000000b7c80000, 0x00000000d7100000)
  object space 829952K, 89% used [0x0000000085200000,0x00000000b29e47a8,0x00000000b7c80000)
 Metaspace       used 8484K, capacity 8692K, committed 8960K, reserved 1056768K
  class space    used 942K, capacity 1004K, committed 1024K, reserved 1048576K

Deoptimization events (10 events):
Event: 8.747 Thread 0x00007f9aec003000 Uncommon trap: reason=unstable_if action=reinterpret pc=0x00007f9b24ebf140 method=eu.nyerel.panda.agent.monitoringresult.calltree.CallTreeCreator.getCallTreeNodeChildren(Leu/nyerel/panda/agent/monitoring/MonitoredEvent;J)Ljava/util/ArrayList; @ 27
Event: 8.791 Thread 0x00007f9aec003000 Uncommon trap: reason=unstable_if action=reinterpret pc=0x00007f9b24eb4020 method=eu.nyerel.panda.agent.monitoringresult.calltree.CallTreeCreator.getCallTreeNodeChildren(Leu/nyerel/panda/agent/monitoring/MonitoredEvent;J)Ljava/util/ArrayList; @ 27
Event: 13.157 Thread 0x00007f9aec003000 Uncommon trap: reason=unstable_if action=reinterpret pc=0x00007f9b24f1103c method=java.util.ArrayList.writeObject(Ljava/io/ObjectOutputStream;)V @ 24
Event: 13.464 Thread 0x00007f9aec003000 Uncommon trap: reason=unstable_if action=reinterpret pc=0x00007f9b24f3da6c method=java.io.ObjectOutputStream.writeObject0(Ljava/lang/Object;Z)V @ 439
Event: 13.465 Thread 0x00007f9aec003000 Uncommon trap: reason=unstable_if action=reinterpret pc=0x00007f9b24f0d1a0 method=java.util.ArrayList.writeObject(Ljava/io/ObjectOutputStream;)V @ 24
Event: 30.272 Thread 0x00007f9aec003000 Uncommon trap: reason=unloaded action=reinterpret pc=0x00007f9b24f36c8c method=sun.reflect.GeneratedMethodAccessor1.invoke(Ljava/lang/Object;[Ljava/lang/Object;)Ljava/lang/Object; @ 57
Event: 30.291 Thread 0x00007f9aec003000 Uncommon trap: reason=unstable_if action=reinterpret pc=0x00007f9b24d1cc1c method=java.util.Arrays.fill([Ljava/lang/Object;IILjava/lang/Object;)V @ 13
Event: 30.291 Thread 0x00007f9aec003000 Uncommon trap: reason=null_check action=make_not_entrant pc=0x00007f9b24f115e8 method=java.io.ObjectStreamClass.lookup(Ljava/lang/Class;Z)Ljava/io/ObjectStreamClass; @ 45
Event: 30.294 Thread 0x00007f9aec003000 Uncommon trap: reason=unstable_if action=reinterpret pc=0x00007f9b24efff64 method=java.io.ObjectOutputStream.writeClassDesc(Ljava/io/ObjectStreamClass;Z)V @ 26
Event: 30.451 Thread 0x00007f9aec003000 Uncommon trap: reason=class_check action=maybe_recompile pc=0x00007f9b24f04280 method=sun.reflect.DelegatingMethodAccessorImpl.invoke(Ljava/lang/Object;[Ljava/lang/Object;)Ljava/lang/Object; @ 6

Internal exceptions (10 events):
Event: 2.510 Thread 0x00007f9b34009800 Implicit null exception at 0x00007f9b24e354ef to 0x00007f9b24e36079
Event: 4.394 Thread 0x00007f9b34009800 Implicit null exception at 0x00007f9b24e621db to 0x00007f9b24e62529
Event: 8.681 Thread 0x00007f9aec003000 Exception <a 'java/lang/NoSuchMethodError': <clinit>> (0x00000000d74c37f0) thrown at [/build/java8-openjdk/src/jdk8u-jdk8u92-b14/hotspot/src/share/vm/prims/jni.cpp, line 1613]
Event: 30.272 Thread 0x00007f9aec003000 Exception <a 'sun/net/ConnectionResetException': Connection reset> (0x00000000d8054ed0) thrown at [/build/java8-openjdk/src/jdk8u-jdk8u92-b14/hotspot/src/share/vm/prims/jni.cpp, line 735]
Event: 30.273 Thread 0x00007f9aec003000 Exception <a 'java/net/SocketException'> (0x00000000d8055b98) thrown at [/build/java8-openjdk/src/jdk8u-jdk8u92-b14/hotspot/src/share/vm/prims/jni.cpp, line 709]
Event: 30.273 Thread 0x00007f9aec003000 Exception <a 'java/lang/reflect/InvocationTargetException'> (0x00000000d8055f88) thrown at [/build/java8-openjdk/src/jdk8u-jdk8u92-b14/hotspot/src/share/vm/runtime/reflection.cpp, line 1092]
Event: 30.273 Thread 0x00007f9aec003000 Exception <a 'java/net/SocketException'> (0x00000000d80561f8) thrown at [/build/java8-openjdk/src/jdk8u-jdk8u92-b14/hotspot/src/share/vm/prims/jni.cpp, line 709]
Event: 30.294 Thread 0x00007f9aec003000 Exception <a 'java/net/SocketException'> (0x00000000d8073158) thrown at [/build/java8-openjdk/src/jdk8u-jdk8u92-b14/hotspot/src/share/vm/prims/jni.cpp, line 709]
Event: 30.294 Thread 0x00007f9aec003000 Exception <a 'java/net/SocketException'> (0x00000000d80746d8) thrown at [/build/java8-openjdk/src/jdk8u-jdk8u92-b14/hotspot/src/share/vm/prims/jni.cpp, line 709]
Event: 30.294 Thread 0x00007f9aec003000 Exception <a 'java/security/PrivilegedActionException'> (0x00000000d80748e0) thrown at [/build/java8-openjdk/src/jdk8u-jdk8u92-b14/hotspot/src/share/vm/prims/jvm.cpp, line 1386]

Events (10 events):
Event: 31.645 Executing VM operation: ParallelGCFailedAllocation done
Event: 31.660 Executing VM operation: ParallelGCFailedAllocation
Event: 31.756 Executing VM operation: ParallelGCFailedAllocation done
Event: 31.767 Executing VM operation: ParallelGCFailedAllocation
Event: 31.875 Executing VM operation: ParallelGCFailedAllocation done
Event: 31.887 Executing VM operation: ParallelGCFailedAllocation
Event: 31.985 Executing VM operation: ParallelGCFailedAllocation done
Event: 31.998 Executing VM operation: ParallelGCFailedAllocation
Event: 32.091 Executing VM operation: ParallelGCFailedAllocation done
Event: 32.107 Executing VM operation: ParallelGCFailedAllocation


Dynamic libraries:
00400000-00401000 r-xp 00000000 08:12 14036665                           /usr/lib/jvm/java-8-openjdk/jre/bin/java
00600000-00601000 rw-p 00000000 08:12 14036665                           /usr/lib/jvm/java-8-openjdk/jre/bin/java
00c2a000-00c4b000 rw-p 00000000 00:00 0                                  [heap]
85200000-b7c80000 rw-p 00000000 00:00 0 
b7c80000-d7100000 ---p 00000000 00:00 0 
d7100000-f4a00000 rw-p 00000000 00:00 0 
f4a00000-100000000 ---p 00000000 00:00 0 
100000000-100100000 rw-p 00000000 00:00 0 
100100000-140000000 ---p 00000000 00:00 0 
7f9ab4000000-7f9ab4021000 rw-p 00000000 00:00 0 
7f9ab4021000-7f9ab8000000 ---p 00000000 00:00 0 
7f9ab8000000-7f9ab8048000 rw-p 00000000 00:00 0 
7f9ab8048000-7f9abc000000 ---p 00000000 00:00 0 
7f9abc000000-7f9abc021000 rw-p 00000000 00:00 0 
7f9abc021000-7f9ac0000000 ---p 00000000 00:00 0 
7f9ac0000000-7f9ac0021000 rw-p 00000000 00:00 0 
7f9ac0021000-7f9ac4000000 ---p 00000000 00:00 0 
7f9ac7cfd000-7f9ac7d00000 ---p 00000000 00:00 0 
7f9ac7d00000-7f9ac7dfe000 rw-p 00000000 00:00 0 
7f9ac7dfe000-7f9ac7e01000 ---p 00000000 00:00 0 
7f9ac7e01000-7f9ac7eff000 rw-p 00000000 00:00 0 
7f9ac7eff000-7f9ac7f02000 ---p 00000000 00:00 0 
7f9ac7f02000-7f9ac8000000 rw-p 00000000 00:00 0 
7f9ac8000000-7f9ac8021000 rw-p 00000000 00:00 0 
7f9ac8021000-7f9acc000000 ---p 00000000 00:00 0 
7f9acc000000-7f9acc021000 rw-p 00000000 00:00 0 
7f9acc021000-7f9ad0000000 ---p 00000000 00:00 0 
7f9ad0000000-7f9ad0b22000 rw-p 00000000 00:00 0 
7f9ad0b22000-7f9ad4000000 ---p 00000000 00:00 0 
7f9ad4000000-7f9ad41ef000 rw-p 00000000 00:00 0 
7f9ad41ef000-7f9ad8000000 ---p 00000000 00:00 0 
7f9ad8000000-7f9ad8b79000 rw-p 00000000 00:00 0 
7f9ad8b79000-7f9adc000000 ---p 00000000 00:00 0 
7f9adc000000-7f9adc889000 rw-p 00000000 00:00 0 
7f9adc889000-7f9ae0000000 ---p 00000000 00:00 0 
7f9ae0000000-7f9ae0021000 rw-p 00000000 00:00 0 
7f9ae0021000-7f9ae4000000 ---p 00000000 00:00 0 
7f9ae4000000-7f9ae4021000 rw-p 00000000 00:00 0 
7f9ae4021000-7f9ae8000000 ---p 00000000 00:00 0 
7f9ae8000000-7f9ae8021000 rw-p 00000000 00:00 0 
7f9ae8021000-7f9aec000000 ---p 00000000 00:00 0 
7f9aec000000-7f9aec021000 rw-p 00000000 00:00 0 
7f9aec021000-7f9af0000000 ---p 00000000 00:00 0 
7f9af0000000-7f9af0021000 rw-p 00000000 00:00 0 
7f9af0021000-7f9af4000000 ---p 00000000 00:00 0 
7f9af4000000-7f9af4021000 rw-p 00000000 00:00 0 
7f9af4021000-7f9af8000000 ---p 00000000 00:00 0 
7f9af8000000-7f9af807e000 rw-p 00000000 00:00 0 
7f9af807e000-7f9afc000000 ---p 00000000 00:00 0 
7f9afc000000-7f9afc021000 rw-p 00000000 00:00 0 
7f9afc021000-7f9b00000000 ---p 00000000 00:00 0 
7f9b00000000-7f9b00068000 rw-p 00000000 00:00 0 
7f9b00068000-7f9b04000000 ---p 00000000 00:00 0 
7f9b04000000-7f9b0407d000 rw-p 00000000 00:00 0 
7f9b0407d000-7f9b08000000 ---p 00000000 00:00 0 
7f9b0807f000-7f9b08090000 r-xp 00000000 08:12 14435558                   /usr/lib/jvm/java-8-openjdk/jre/lib/amd64/libnio.so
7f9b08090000-7f9b0828f000 ---p 00011000 08:12 14435558                   /usr/lib/jvm/java-8-openjdk/jre/lib/amd64/libnio.so
7f9b0828f000-7f9b08290000 rw-p 00010000 08:12 14435558                   /usr/lib/jvm/java-8-openjdk/jre/lib/amd64/libnio.so
7f9b08290000-7f9b0c000000 rw-p 00000000 00:00 0 
7f9b0c000000-7f9b0c068000 rw-p 00000000 00:00 0 
7f9b0c068000-7f9b10000000 ---p 00000000 00:00 0 
7f9b10000000-7f9b1007d000 rw-p 00000000 00:00 0 
7f9b1007d000-7f9b14000000 ---p 00000000 00:00 0 
7f9b14000000-7f9b1406f000 rw-p 00000000 00:00 0 
7f9b1406f000-7f9b18000000 ---p 00000000 00:00 0 
7f9b18000000-7f9b1807c000 rw-p 00000000 00:00 0 
7f9b1807c000-7f9b1c000000 ---p 00000000 00:00 0 
7f9b1c000000-7f9b1c08b000 rw-p 00000000 00:00 0 
7f9b1c08b000-7f9b20000000 ---p 00000000 00:00 0 
7f9b2003b000-7f9b2003e000 ---p 00000000 00:00 0 
7f9b2003e000-7f9b2013c000 rw-p 00000000 00:00 0 
7f9b2013c000-7f9b2013d000 ---p 00000000 00:00 0 
7f9b2013d000-7f9b2023d000 rw-p 00000000 00:00 0 
7f9b2023d000-7f9b20240000 ---p 00000000 00:00 0 
7f9b20240000-7f9b2033e000 rw-p 00000000 00:00 0 
7f9b2033e000-7f9b20341000 ---p 00000000 00:00 0 
7f9b20341000-7f9b2043f000 rw-p 00000000 00:00 0 
7f9b2043f000-7f9b20442000 ---p 00000000 00:00 0 
7f9b20442000-7f9b20540000 rw-p 00000000 00:00 0 
7f9b20540000-7f9b20543000 ---p 00000000 00:00 0 
7f9b20543000-7f9b20641000 rw-p 00000000 00:00 0 
7f9b20641000-7f9b20644000 ---p 00000000 00:00 0 
7f9b20644000-7f9b20742000 rw-p 00000000 00:00 0 
7f9b20742000-7f9b20745000 ---p 00000000 00:00 0 
7f9b20745000-7f9b20843000 rw-p 00000000 00:00 0 
7f9b20843000-7f9b20846000 ---p 00000000 00:00 0 
7f9b20846000-7f9b20944000 rw-p 00000000 00:00 0 
7f9b20944000-7f9b20947000 ---p 00000000 00:00 0 
7f9b20947000-7f9b20a45000 rw-p 00000000 00:00 0 
7f9b20a45000-7f9b20a5b000 r-xp 00000000 08:12 14435547                   /usr/lib/jvm/java-8-openjdk/jre/lib/amd64/libnet.so
7f9b20a5b000-7f9b20c5b000 ---p 00016000 08:12 14435547                   /usr/lib/jvm/java-8-openjdk/jre/lib/amd64/libnet.so
7f9b20c5b000-7f9b20c5c000 rw-p 00016000 08:12 14435547                   /usr/lib/jvm/java-8-openjdk/jre/lib/amd64/libnet.so
7f9b20c5c000-7f9b20c5f000 ---p 00000000 00:00 0 
7f9b20c5f000-7f9b20d5d000 rw-p 00000000 00:00 0 
7f9b20d5d000-7f9b20ef5000 r--p 00000000 08:12 13521119                   /usr/lib/locale/locale-archive
7f9b20ef5000-7f9b20ef8000 ---p 00000000 00:00 0 
7f9b20ef8000-7f9b20ff6000 rw-p 00000000 00:00 0 
7f9b20ff6000-7f9b20ff9000 ---p 00000000 00:00 0 
7f9b20ff9000-7f9b210f7000 rw-p 00000000 00:00 0 
7f9b210f7000-7f9b210f8000 ---p 00000000 00:00 0 
7f9b210f8000-7f9b22d13000 rw-p 00000000 00:00 0 
7f9b22d13000-7f9b22ee0000 r--s 03bec000 08:12 14178993                   /usr/lib/jvm/java-8-openjdk/jre/lib/rt.jar
7f9b22ee0000-7f9b236a0000 rw-p 00000000 00:00 0 
7f9b236a0000-7f9b236e0000 ---p 00000000 00:00 0 
7f9b236e0000-7f9b23ab7000 rw-p 00000000 00:00 0 
7f9b23ab7000-7f9b23ab8000 ---p 00000000 00:00 0 
7f9b23ab8000-7f9b23bb8000 rw-p 00000000 00:00 0 
7f9b23bb8000-7f9b23bb9000 ---p 00000000 00:00 0 
7f9b23bb9000-7f9b23cb9000 rw-p 00000000 00:00 0 
7f9b23cb9000-7f9b23cba000 ---p 00000000 00:00 0 
7f9b23cba000-7f9b23dba000 rw-p 00000000 00:00 0 
7f9b23dba000-7f9b23dbb000 ---p 00000000 00:00 0 
7f9b23dbb000-7f9b23ebb000 rw-p 00000000 00:00 0 
7f9b23ebb000-7f9b23ebc000 ---p 00000000 00:00 0 
7f9b23ebc000-7f9b23fbc000 rw-p 00000000 00:00 0 
7f9b23fbc000-7f9b23fbd000 ---p 00000000 00:00 0 
7f9b23fbd000-7f9b240bd000 rw-p 00000000 00:00 0 
7f9b240bd000-7f9b240be000 ---p 00000000 00:00 0 
7f9b240be000-7f9b24354000 rw-p 00000000 00:00 0 
7f9b24354000-7f9b2444e000 ---p 00000000 00:00 0 
7f9b2444e000-7f9b245e4000 rw-p 00000000 00:00 0 
7f9b245e4000-7f9b246dd000 ---p 00000000 00:00 0 
7f9b246dd000-7f9b247ca000 rw-p 00000000 00:00 0 
7f9b247ca000-7f9b24825000 ---p 00000000 00:00 0 
7f9b24825000-7f9b24834000 rw-p 00000000 00:00 0 
7f9b24834000-7f9b24be6000 ---p 00000000 00:00 0 
7f9b24be6000-7f9b24f66000 rwxp 00000000 00:00 0 
7f9b24f66000-7f9b33be6000 ---p 00000000 00:00 0 
7f9b33be6000-7f9b33bee000 r-xp 00000000 08:12 14435545                   /usr/lib/jvm/java-8-openjdk/jre/lib/amd64/libzip.so
7f9b33bee000-7f9b33ded000 ---p 00008000 08:12 14435545                   /usr/lib/jvm/java-8-openjdk/jre/lib/amd64/libzip.so
7f9b33ded000-7f9b33dee000 rw-p 00007000 08:12 14435545                   /usr/lib/jvm/java-8-openjdk/jre/lib/amd64/libzip.so
7f9b33dee000-7f9b33df9000 r-xp 00000000 08:12 13511571                   /usr/lib/libnss_files-2.23.so
7f9b33df9000-7f9b33ff8000 ---p 0000b000 08:12 13511571                   /usr/lib/libnss_files-2.23.so
7f9b33ff8000-7f9b33ff9000 r--p 0000a000 08:12 13511571                   /usr/lib/libnss_files-2.23.so
7f9b33ff9000-7f9b33ffa000 rw-p 0000b000 08:12 13511571                   /usr/lib/libnss_files-2.23.so
7f9b33ffa000-7f9b34000000 rw-p 00000000 00:00 0 
7f9b34000000-7f9b34436000 rw-p 00000000 00:00 0 
7f9b34436000-7f9b38000000 ---p 00000000 00:00 0 
7f9b38066000-7f9b3806a000 r--s 00097000 08:12 14178991                   /usr/lib/jvm/java-8-openjdk/jre/lib/jsse.jar
7f9b3806a000-7f9b38076000 r--s 000bc000 00:22 61167                      /tmp/panda-agent.jar
7f9b38076000-7f9b38078000 r--s 0001e000 08:12 13644468                   /usr/share/intellijidea-ce/lib/idea_rt.jar
7f9b38078000-7f9b380ee000 rw-p 00000000 00:00 0 
7f9b380ee000-7f9b380ef000 ---p 00000000 00:00 0 
7f9b380ef000-7f9b381ef000 rw-p 00000000 00:00 0 
7f9b381ef000-7f9b381f9000 r-xp 00000000 08:12 14435550                   /usr/lib/jvm/java-8-openjdk/jre/lib/amd64/libinstrument.so
7f9b381f9000-7f9b383f8000 ---p 0000a000 08:12 14435550                   /usr/lib/jvm/java-8-openjdk/jre/lib/amd64/libinstrument.so
7f9b383f8000-7f9b383f9000 rw-p 00009000 08:12 14435550                   /usr/lib/jvm/java-8-openjdk/jre/lib/amd64/libinstrument.so
7f9b383f9000-7f9b38425000 r-xp 00000000 08:12 14435544                   /usr/lib/jvm/java-8-openjdk/jre/lib/amd64/libjava.so
7f9b38425000-7f9b38625000 ---p 0002c000 08:12 14435544                   /usr/lib/jvm/java-8-openjdk/jre/lib/amd64/libjava.so
7f9b38625000-7f9b38627000 rw-p 0002c000 08:12 14435544                   /usr/lib/jvm/java-8-openjdk/jre/lib/amd64/libjava.so
7f9b38627000-7f9b38634000 r-xp 00000000 08:12 14435537                   /usr/lib/jvm/java-8-openjdk/jre/lib/amd64/libverify.so
7f9b38634000-7f9b38833000 ---p 0000d000 08:12 14435537                   /usr/lib/jvm/java-8-openjdk/jre/lib/amd64/libverify.so
7f9b38833000-7f9b38835000 rw-p 0000c000 08:12 14435537                   /usr/lib/jvm/java-8-openjdk/jre/lib/amd64/libverify.so
7f9b38835000-7f9b3883c000 r-xp 00000000 08:12 13511585                   /usr/lib/librt-2.23.so
7f9b3883c000-7f9b38a3b000 ---p 00007000 08:12 13511585                   /usr/lib/librt-2.23.so
7f9b38a3b000-7f9b38a3c000 r--p 00006000 08:12 13511585                   /usr/lib/librt-2.23.so
7f9b38a3c000-7f9b38a3d000 rw-p 00007000 08:12 13511585                   /usr/lib/librt-2.23.so
7f9b38a3d000-7f9b38b40000 r-xp 00000000 08:12 13511582                   /usr/lib/libm-2.23.so
7f9b38b40000-7f9b38d3f000 ---p 00103000 08:12 13511582                   /usr/lib/libm-2.23.so
7f9b38d3f000-7f9b38d40000 r--p 00102000 08:12 13511582                   /usr/lib/libm-2.23.so
7f9b38d40000-7f9b38d41000 rw-p 00103000 08:12 13511582                   /usr/lib/libm-2.23.so
7f9b38d41000-7f9b39996000 r-xp 00000000 08:12 14955253                   /usr/lib/jvm/java-8-openjdk/jre/lib/amd64/server/libjvm.so
7f9b39996000-7f9b39b96000 ---p 00c55000 08:12 14955253                   /usr/lib/jvm/java-8-openjdk/jre/lib/amd64/server/libjvm.so
7f9b39b96000-7f9b39c52000 rw-p 00c55000 08:12 14955253                   /usr/lib/jvm/java-8-openjdk/jre/lib/amd64/server/libjvm.so
7f9b39c52000-7f9b39c82000 rw-p 00000000 00:00 0 
7f9b39c82000-7f9b39e19000 r-xp 00000000 08:12 13510007                   /usr/lib/libc-2.23.so
7f9b39e19000-7f9b3a019000 ---p 00197000 08:12 13510007                   /usr/lib/libc-2.23.so
7f9b3a019000-7f9b3a01d000 r--p 00197000 08:12 13510007                   /usr/lib/libc-2.23.so
7f9b3a01d000-7f9b3a01f000 rw-p 0019b000 08:12 13510007                   /usr/lib/libc-2.23.so
7f9b3a01f000-7f9b3a023000 rw-p 00000000 00:00 0 
7f9b3a023000-7f9b3a025000 r-xp 00000000 08:12 13511581                   /usr/lib/libdl-2.23.so
7f9b3a025000-7f9b3a225000 ---p 00002000 08:12 13511581                   /usr/lib/libdl-2.23.so
7f9b3a225000-7f9b3a226000 r--p 00002000 08:12 13511581                   /usr/lib/libdl-2.23.so
7f9b3a226000-7f9b3a227000 rw-p 00003000 08:12 13511581                   /usr/lib/libdl-2.23.so
7f9b3a227000-7f9b3a234000 r-xp 00000000 08:12 15101872                   /usr/lib/jvm/java-8-openjdk/jre/lib/amd64/jli/libjli.so
7f9b3a234000-7f9b3a433000 ---p 0000d000 08:12 15101872                   /usr/lib/jvm/java-8-openjdk/jre/lib/amd64/jli/libjli.so
7f9b3a433000-7f9b3a434000 rw-p 0000c000 08:12 15101872                   /usr/lib/jvm/java-8-openjdk/jre/lib/amd64/jli/libjli.so
7f9b3a434000-7f9b3a449000 r-xp 00000000 08:12 13511254                   /usr/lib/libz.so.1.2.8
7f9b3a449000-7f9b3a648000 ---p 00015000 08:12 13511254                   /usr/lib/libz.so.1.2.8
7f9b3a648000-7f9b3a649000 r--p 00014000 08:12 13511254                   /usr/lib/libz.so.1.2.8
7f9b3a649000-7f9b3a64a000 rw-p 00015000 08:12 13511254                   /usr/lib/libz.so.1.2.8
7f9b3a64a000-7f9b3a662000 r-xp 00000000 08:12 13509985                   /usr/lib/libpthread-2.23.so
7f9b3a662000-7f9b3a861000 ---p 00018000 08:12 13509985                   /usr/lib/libpthread-2.23.so
7f9b3a861000-7f9b3a862000 r--p 00017000 08:12 13509985                   /usr/lib/libpthread-2.23.so
7f9b3a862000-7f9b3a863000 rw-p 00018000 08:12 13509985                   /usr/lib/libpthread-2.23.so
7f9b3a863000-7f9b3a867000 rw-p 00000000 00:00 0 
7f9b3a867000-7f9b3a88a000 r-xp 00000000 08:12 13510006                   /usr/lib/ld-2.23.so
7f9b3a88a000-7f9b3a88b000 r--p 00000000 08:12 14164662                   /usr/share/locale/en_GB/LC_MESSAGES/libc.mo
7f9b3a88b000-7f9b3a89e000 r--s 00345000 08:12 14178992                   /usr/lib/jvm/java-8-openjdk/jre/lib/resources.jar
7f9b3a89e000-7f9b3a8a2000 r--s 00097000 08:12 14178991                   /usr/lib/jvm/java-8-openjdk/jre/lib/jsse.jar
7f9b3a8a2000-7f9b3a8a5000 r--s 00015000 08:12 14178987                   /usr/lib/jvm/java-8-openjdk/jre/lib/jce.jar
7f9b3a8a5000-7f9b3a8aa000 r--s 002f9000 08:12 14178990                   /usr/lib/jvm/java-8-openjdk/jre/lib/charsets.jar
7f9b3a8aa000-7f9b3a952000 rw-p 00000000 00:00 0 
7f9b3a952000-7f9b3a955000 ---p 00000000 00:00 0 
7f9b3a955000-7f9b3aa57000 rw-p 00000000 00:00 0 
7f9b3aa57000-7f9b3aa58000 r--s 00000000 08:12 14178988                   /usr/lib/jvm/java-8-openjdk/jre/lib/management-agent.jar
7f9b3aa58000-7f9b3aa7f000 rw-p 00000000 00:00 0 
7f9b3aa7f000-7f9b3aa87000 rw-s 00000000 00:22 239333                     /tmp/hsperfdata_zenon/9759
7f9b3aa87000-7f9b3aa88000 rw-p 00000000 00:00 0 
7f9b3aa88000-7f9b3aa89000 ---p 00000000 00:00 0 
7f9b3aa89000-7f9b3aa8a000 rw-p 00000000 00:00 0 
7f9b3aa8a000-7f9b3aa8b000 r--p 00023000 08:12 13510006                   /usr/lib/ld-2.23.so
7f9b3aa8b000-7f9b3aa8c000 rw-p 00024000 08:12 13510006                   /usr/lib/ld-2.23.so
7f9b3aa8c000-7f9b3aa8d000 rw-p 00000000 00:00 0 
7ffe40ddc000-7ffe40dfd000 rw-p 00000000 00:00 0                          [stack]
7ffe40e3e000-7ffe40e41000 r--p 00000000 00:00 0                          [vvar]
7ffe40e41000-7ffe40e43000 r-xp 00000000 00:00 0                          [vdso]
ffffffffff600000-ffffffffff601000 r-xp 00000000 00:00 0                  [vsyscall]

VM Arguments:
jvm_args: -javaagent:/tmp/panda-agent.jar -Dpanda.monitored.classes=ad1.ss16.pa.Network -Didea.launcher.port=7532 -Didea.launcher.bin.path=/usr/share/intellijidea-ce/bin -Dfile.encoding=UTF-8 
java_command: com.intellij.rt.execution.application.AppMain ad1.ss16.pa.Tester
java_class_path (initial): /usr/lib/jvm/java-8-openjdk/jre/lib/charsets.jar:/usr/lib/jvm/java-8-openjdk/jre/lib/ext/cldrdata.jar:/usr/lib/jvm/java-8-openjdk/jre/lib/ext/dnsns.jar:/usr/lib/jvm/java-8-openjdk/jre/lib/ext/jaccess.jar:/usr/lib/jvm/java-8-openjdk/jre/lib/ext/localedata.jar:/usr/lib/jvm/java-8-openjdk/jre/lib/ext/nashorn.jar:/usr/lib/jvm/java-8-openjdk/jre/lib/ext/sunec.jar:/usr/lib/jvm/java-8-openjdk/jre/lib/ext/sunjce_provider.jar:/usr/lib/jvm/java-8-openjdk/jre/lib/ext/sunpkcs11.jar:/usr/lib/jvm/java-8-openjdk/jre/lib/ext/zipfs.jar:/usr/lib/jvm/java-8-openjdk/jre/lib/jce.jar:/usr/lib/jvm/java-8-openjdk/jre/lib/jsse.jar:/usr/lib/jvm/java-8-openjdk/jre/lib/management-agent.jar:/usr/lib/jvm/java-8-openjdk/jre/lib/resources.jar:/usr/lib/jvm/java-8-openjdk/jre/lib/rt.jar:/home/zenon/Documents/uni/2016SS/algodat/ad1/out/production/ad1:/usr/share/intellijidea-ce/lib/idea_rt.jar:/tmp/panda-agent.jar
Launcher Type: SUN_STANDARD

Environment Variables:
PATH=/usr/local/sbin:/usr/local/bin:/usr/bin:/usr/lib/jvm/default/bin:/usr/bin/site_perl:/usr/bin/vendor_perl:/usr/bin/core_perl
LD_LIBRARY_PATH=.:
SHELL=/usr/bin/zsh
DISPLAY=:0

Signal Handlers:
SIGSEGV: [libjvm.so+0xa5a220], sa_mask[0]=11111111011111111101111111111110, sa_flags=SA_RESTART|SA_SIGINFO
SIGBUS: [libjvm.so+0xa5a220], sa_mask[0]=11111111011111111101111111111110, sa_flags=SA_RESTART|SA_SIGINFO
SIGFPE: [libjvm.so+0x8a5a90], sa_mask[0]=11111111011111111101111111111110, sa_flags=SA_RESTART|SA_SIGINFO
SIGPIPE: [libjvm.so+0x8a5a90], sa_mask[0]=11111111011111111101111111111110, sa_flags=SA_RESTART|SA_SIGINFO
SIGXFSZ: [libjvm.so+0x8a5a90], sa_mask[0]=11111111011111111101111111111110, sa_flags=SA_RESTART|SA_SIGINFO
SIGILL: [libjvm.so+0x8a5a90], sa_mask[0]=11111111011111111101111111111110, sa_flags=SA_RESTART|SA_SIGINFO
SIGUSR1: SIG_DFL, sa_mask[0]=00000000000000000000000000000000, sa_flags=none
SIGUSR2: [libjvm.so+0x8a5940], sa_mask[0]=00100000000000000000000000000000, sa_flags=SA_RESTART|SA_SIGINFO
SIGHUP: [libjvm.so+0x8a5e10], sa_mask[0]=11111111011111111101111111111110, sa_flags=SA_RESTART|SA_SIGINFO
SIGINT: [libjvm.so+0x8a5e10], sa_mask[0]=11111111011111111101111111111110, sa_flags=SA_RESTART|SA_SIGINFO
SIGTERM: [libjvm.so+0x8a5e10], sa_mask[0]=11111111011111111101111111111110, sa_flags=SA_RESTART|SA_SIGINFO
SIGQUIT: [libjvm.so+0x8a5e10], sa_mask[0]=11111111011111111101111111111110, sa_flags=SA_RESTART|SA_SIGINFO


---------------  S Y S T E M  ---------------

OS:LSB_VERSION=1.4
DISTRIB_ID=Arch
DISTRIB_RELEASE=rolling
DISTRIB_DESCRIPTION="Arch Linux"

uname:Linux 4.5.4-1-ARCH #1 SMP PREEMPT Wed May 11 22:21:28 CEST 2016 x86_64
libc:glibc 2.23 NPTL 2.23 
rlimit: STACK 8192k, CORE infinity, NPROC 31417, NOFILE 4096, AS infinity
load average:4.37 2.66 1.10

/proc/meminfo:
MemTotal:        8048296 kB
MemFree:         2576048 kB
MemAvailable:    4720404 kB
Buffers:          104356 kB
Cached:          2244620 kB
SwapCached:            0 kB
Active:          3451860 kB
Inactive:        1722044 kB
Active(anon):    2827192 kB
Inactive(anon):    27356 kB
Active(file):     624668 kB
Inactive(file):  1694688 kB
Unevictable:           0 kB
Mlocked:               0 kB
SwapTotal:             0 kB
SwapFree:              0 kB
Dirty:            405812 kB
Writeback:             0 kB
AnonPages:       2838380 kB
Mapped:           185548 kB
Shmem:             29612 kB
Slab:             119512 kB
SReclaimable:      88652 kB
SUnreclaim:        30860 kB
KernelStack:        5008 kB
PageTables:        12484 kB
NFS_Unstable:          0 kB
Bounce:                0 kB
WritebackTmp:          0 kB
CommitLimit:     4024148 kB
Committed_AS:    3316212 kB
VmallocTotal:   34359738367 kB
VmallocUsed:           0 kB
VmallocChunk:          0 kB
HardwareCorrupted:     0 kB
AnonHugePages:   2197504 kB
HugePages_Total:       0
HugePages_Free:        0
HugePages_Rsvd:        0
HugePages_Surp:        0
Hugepagesize:       2048 kB
DirectMap4k:      224860 kB
DirectMap2M:     6983680 kB
DirectMap1G:     2097152 kB


CPU:total 8 (4 cores per cpu, 2 threads per core) family 6 model 60 stepping 3, cmov, cx8, fxsr, mmx, sse, sse2, sse3, ssse3, sse4.1, sse4.2, popcnt, avx, avx2, aes, clmul, erms, rtm, lzcnt, ht, tsc, tscinvbit, bmi1, bmi2

/proc/cpuinfo:
processor	: 0
vendor_id	: GenuineIntel
cpu family	: 6
model		: 60
model name	: Intel(R) Xeon(R) CPU E3-1230 v3 @ 3.30GHz
stepping	: 3
microcode	: 0x17
cpu MHz		: 3499.933
cache size	: 8192 KB
physical id	: 0
siblings	: 8
core id		: 0
cpu cores	: 4
apicid		: 0
initial apicid	: 0
fpu		: yes
fpu_exception	: yes
cpuid level	: 13
wp		: yes
flags		: fpu vme de pse tsc msr pae mce cx8 apic sep mtrr pge mca cmov pat pse36 clflush dts acpi mmx fxsr sse sse2 ss ht tm pbe syscall nx pdpe1gb rdtscp lm constant_tsc arch_perfmon pebs bts rep_good nopl xtopology nonstop_tsc aperfmperf eagerfpu pni pclmulqdq dtes64 monitor ds_cpl vmx smx est tm2 ssse3 sdbg fma cx16 xtpr pdcm pcid sse4_1 sse4_2 x2apic movbe popcnt tsc_deadline_timer aes xsave avx f16c rdrand lahf_lm abm tpr_shadow vnmi flexpriority ept vpid fsgsbase tsc_adjust bmi1 hle avx2 smep bmi2 erms invpcid rtm xsaveopt dtherm ida arat pln pts
bugs		:
bogomips	: 6602.84
clflush size	: 64
cache_alignment	: 64
address sizes	: 39 bits physical, 48 bits virtual
power management:

processor	: 1
vendor_id	: GenuineIntel
cpu family	: 6
model		: 60
model name	: Intel(R) Xeon(R) CPU E3-1230 v3 @ 3.30GHz
stepping	: 3
microcode	: 0x17
cpu MHz		: 3499.933
cache size	: 8192 KB
physical id	: 0
siblings	: 8
core id		: 1
cpu cores	: 4
apicid		: 2
initial apicid	: 2
fpu		: yes
fpu_exception	: yes
cpuid level	: 13
wp		: yes
flags		: fpu vme de pse tsc msr pae mce cx8 apic sep mtrr pge mca cmov pat pse36 clflush dts acpi mmx fxsr sse sse2 ss ht tm pbe syscall nx pdpe1gb rdtscp lm constant_tsc arch_perfmon pebs bts rep_good nopl xtopology nonstop_tsc aperfmperf eagerfpu pni pclmulqdq dtes64 monitor ds_cpl vmx smx est tm2 ssse3 sdbg fma cx16 xtpr pdcm pcid sse4_1 sse4_2 x2apic movbe popcnt tsc_deadline_timer aes xsave avx f16c rdrand lahf_lm abm tpr_shadow vnmi flexpriority ept vpid fsgsbase tsc_adjust bmi1 hle avx2 smep bmi2 erms invpcid rtm xsaveopt dtherm ida arat pln pts
bugs		:
bogomips	: 6602.84
clflush size	: 64
cache_alignment	: 64
address sizes	: 39 bits physical, 48 bits virtual
power management:

processor	: 2
vendor_id	: GenuineIntel
cpu family	: 6
model		: 60
model name	: Intel(R) Xeon(R) CPU E3-1230 v3 @ 3.30GHz
stepping	: 3
microcode	: 0x17
cpu MHz		: 3499.933
cache size	: 8192 KB
physical id	: 0
siblings	: 8
core id		: 2
cpu cores	: 4
apicid		: 4
initial apicid	: 4
fpu		: yes
fpu_exception	: yes
cpuid level	: 13
wp		: yes
flags		: fpu vme de pse tsc msr pae mce cx8 apic sep mtrr pge mca cmov pat pse36 clflush dts acpi mmx fxsr sse sse2 ss ht tm pbe syscall nx pdpe1gb rdtscp lm constant_tsc arch_perfmon pebs bts rep_good nopl xtopology nonstop_tsc aperfmperf eagerfpu pni pclmulqdq dtes64 monitor ds_cpl vmx smx est tm2 ssse3 sdbg fma cx16 xtpr pdcm pcid sse4_1 sse4_2 x2apic movbe popcnt tsc_deadline_timer aes xsave avx f16c rdrand lahf_lm abm tpr_shadow vnmi flexpriority ept vpid fsgsbase tsc_adjust bmi1 hle avx2 smep bmi2 erms invpcid rtm xsaveopt dtherm ida arat pln pts
bugs		:
bogomips	: 6602.84
clflush size	: 64
cache_alignment	: 64
address sizes	: 39 bits physical, 48 bits virtual
power management:

processor	: 3
vendor_id	: GenuineIntel
cpu family	: 6
model		: 60
model name	: Intel(R) Xeon(R) CPU E3-1230 v3 @ 3.30GHz
stepping	: 3
microcode	: 0x17
cpu MHz		: 3499.933
cache size	: 8192 KB
physical id	: 0
siblings	: 8
core id		: 3
cpu cores	: 4
apicid		: 6
initial apicid	: 6
fpu		: yes
fpu_exception	: yes
cpuid level	: 13
wp		: yes
flags		: fpu vme de pse tsc msr pae mce cx8 apic sep mtrr pge mca cmov pat pse36 clflush dts acpi mmx fxsr sse sse2 ss ht tm pbe syscall nx pdpe1gb rdtscp lm constant_tsc arch_perfmon pebs bts rep_good nopl xtopology nonstop_tsc aperfmperf eagerfpu pni pclmulqdq dtes64 monitor ds_cpl vmx smx est tm2 ssse3 sdbg fma cx16 xtpr pdcm pcid sse4_1 sse4_2 x2apic movbe popcnt tsc_deadline_timer aes xsave avx f16c rdrand lahf_lm abm tpr_shadow vnmi flexpriority ept vpid fsgsbase tsc_adjust bmi1 hle avx2 smep bmi2 erms invpcid rtm xsaveopt dtherm ida arat pln pts
bugs		:
bogomips	: 6602.84
clflush size	: 64
cache_alignment	: 64
address sizes	: 39 bits physical, 48 bits virtual
power management:

processor	: 4
vendor_id	: GenuineIntel
cpu family	: 6
model		: 60
model name	: Intel(R) Xeon(R) CPU E3-1230 v3 @ 3.30GHz
stepping	: 3
microcode	: 0x17
cpu MHz		: 3499.933
cache size	: 8192 KB
physical id	: 0
siblings	: 8
core id		: 0
cpu cores	: 4
apicid		: 1
initial apicid	: 1
fpu		: yes
fpu_exception	: yes
cpuid level	: 13
wp		: yes
flags		: fpu vme de pse tsc msr pae mce cx8 apic sep mtrr pge mca cmov pat pse36 clflush dts acpi mmx fxsr sse sse2 ss ht tm pbe syscall nx pdpe1gb rdtscp lm constant_tsc arch_perfmon pebs bts rep_good nopl xtopology nonstop_tsc aperfmperf eagerfpu pni pclmulqdq dtes64 monitor ds_cpl vmx smx est tm2 ssse3 sdbg fma cx16 xtpr pdcm pcid sse4_1 sse4_2 x2apic movbe popcnt tsc_deadline_timer aes xsave avx f16c rdrand lahf_lm abm tpr_shadow vnmi flexpriority ept vpid fsgsbase tsc_adjust bmi1 hle avx2 smep bmi2 erms invpcid rtm xsaveopt dtherm ida arat pln pts
bugs		:
bogomips	: 6602.84
clflush size	: 64
cache_alignment	: 64
address sizes	: 39 bits physical, 48 bits virtual
power management:

processor	: 5
vendor_id	: GenuineIntel
cpu family	: 6
model		: 60
model name	: Intel(R) Xeon(R) CPU E3-1230 v3 @ 3.30GHz
stepping	: 3
microcode	: 0x17
cpu MHz		: 3499.933
cache size	: 8192 KB
physical id	: 0
siblings	: 8
core id		: 1
cpu cores	: 4
apicid		: 3
initial apicid	: 3
fpu		: yes
fpu_exception	: yes
cpuid level	: 13
wp		: yes
flags		: fpu vme de pse tsc msr pae mce cx8 apic sep mtrr pge mca cmov pat pse36 clflush dts acpi mmx fxsr sse sse2 ss ht tm pbe syscall nx pdpe1gb rdtscp lm constant_tsc arch_perfmon pebs bts rep_good nopl xtopology nonstop_tsc aperfmperf eagerfpu pni pclmulqdq dtes64 monitor ds_cpl vmx smx est tm2 ssse3 sdbg fma cx16 xtpr pdcm pcid sse4_1 sse4_2 x2apic movbe popcnt tsc_deadline_timer aes xsave avx f16c rdrand lahf_lm abm tpr_shadow vnmi flexpriority ept vpid fsgsbase tsc_adjust bmi1 hle avx2 smep bmi2 erms invpcid rtm xsaveopt dtherm ida arat pln pts
bugs		:
bogomips	: 6602.84
clflush size	: 64
cache_alignment	: 64
address sizes	: 39 bits physical, 48 bits virtual
power management:

processor	: 6
vendor_id	: GenuineIntel
cpu family	: 6
model		: 60
model name	: Intel(R) Xeon(R) CPU E3-1230 v3 @ 3.30GHz
stepping	: 3
microcode	: 0x17
cpu MHz		: 3499.933
cache size	: 8192 KB
physical id	: 0
siblings	: 8
core id		: 2
cpu cores	: 4
apicid		: 5
initial apicid	: 5
fpu		: yes
fpu_exception	: yes
cpuid level	: 13
wp		: yes
flags		: fpu vme de pse tsc msr pae mce cx8 apic sep mtrr pge mca cmov pat pse36 clflush dts acpi mmx fxsr sse sse2 ss ht tm pbe syscall nx pdpe1gb rdtscp lm constant_tsc arch_perfmon pebs bts rep_good nopl xtopology nonstop_tsc aperfmperf eagerfpu pni pclmulqdq dtes64 monitor ds_cpl vmx smx est tm2 ssse3 sdbg fma cx16 xtpr pdcm pcid sse4_1 sse4_2 x2apic movbe popcnt tsc_deadline_timer aes xsave avx f16c rdrand lahf_lm abm tpr_shadow vnmi flexpriority ept vpid fsgsbase tsc_adjust bmi1 hle avx2 smep bmi2 erms invpcid rtm xsaveopt dtherm ida arat pln pts
bugs		:
bogomips	: 6602.84
clflush size	: 64
cache_alignment	: 64
address sizes	: 39 bits physical, 48 bits virtual
power management:

processor	: 7
vendor_id	: GenuineIntel
cpu family	: 6
model		: 60
model name	: Intel(R) Xeon(R) CPU E3-1230 v3 @ 3.30GHz
stepping	: 3
microcode	: 0x17
cpu MHz		: 3499.933
cache size	: 8192 KB
physical id	: 0
siblings	: 8
core id		: 3
cpu cores	: 4
apicid		: 7
initial apicid	: 7
fpu		: yes
fpu_exception	: yes
cpuid level	: 13
wp		: yes
flags		: fpu vme de pse tsc msr pae mce cx8 apic sep mtrr pge mca cmov pat pse36 clflush dts acpi mmx fxsr sse sse2 ss ht tm pbe syscall nx pdpe1gb rdtscp lm constant_tsc arch_perfmon pebs bts rep_good nopl xtopology nonstop_tsc aperfmperf eagerfpu pni pclmulqdq dtes64 monitor ds_cpl vmx smx est tm2 ssse3 sdbg fma cx16 xtpr pdcm pcid sse4_1 sse4_2 x2apic movbe popcnt tsc_deadline_timer aes xsave avx f16c rdrand lahf_lm abm tpr_shadow vnmi flexpriority ept vpid fsgsbase tsc_adjust bmi1 hle avx2 smep bmi2 erms invpcid rtm xsaveopt dtherm ida arat pln pts
bugs		:
bogomips	: 6602.84
clflush size	: 64
cache_alignment	: 64
address sizes	: 39 bits physical, 48 bits virtual
power management:



Memory: 4k page, physical 8048296k(2576048k free), swap 0k(0k free)

vm_info: OpenJDK 64-Bit Server VM (25.92-b14) for linux-amd64 JRE (1.8.0_92-b14), built on Apr 24 2016 15:02:36 by "builduser" with gcc 5.3.0

time: Thu May 19 21:59:42 2016
elapsed time: 32 seconds (0d 0h 0m 32s)

