#
# A fatal error has been detected by the Java Runtime Environment:
#
#  SIGSEGV (0xb) at pc=0x00007f8cc9e28771, pid=16043, tid=0x00007f8cb49f9700
#
# JRE version: OpenJDK Runtime Environment (8.0_92-b14) (build 1.8.0_92-b14)
# Java VM: OpenJDK 64-Bit Server VM (25.92-b14 mixed mode linux-amd64 compressed oops)
# Problematic frame:
# V  [libjvm.so+0x622771]
#
# Core dump written. Default location: /home/zenon/Documents/uni/2016SS/algodat/ad1/core or core.16043
#
# If you would like to submit a bug report, please visit:
#   http://bugreport.java.com/bugreport/crash.jsp
#

---------------  T H R E A D  ---------------

Current thread (0x00007f8cc4028800):  GCTaskThread [stack: 0x00007f8cb48f9000,0x00007f8cb49fa000] [id=16051]

siginfo: si_signo: 11 (SIGSEGV), si_code: 1 (SEGV_MAPERR), si_addr: 0x0000000000000008

Registers:
RAX=0x00007f8cca702d20, RBX=0x00007f8cc407acb0, RCX=0x0000000000000003, RDX=0x00007f8cb0a88000
RSP=0x00007f8cb49f8b70, RBP=0x00007f8cb49f8be0, RSI=0x0000000000000000, RDI=0x00000000885ad800
R8 =0x00007f8cca72a540, R9 =0x00000000885ad800, R10=0x000000000000000c, R11=0x0100000000000000
R12=0x00000000a4ab8bd8, R13=0x000000010005fda0, R14=0x00000000a4ab8bcc, R15=0x00000000885ad800
RIP=0x00007f8cc9e28771, EFLAGS=0x0000000000010246, CSGSFS=0x0000000000000033, ERR=0x0000000000000004
  TRAPNO=0x000000000000000e

Top of Stack: (sp=0x00007f8cb49f8b70)
0x00007f8cb49f8b70:   00007f8cb49f8be0 00007f8cc9e23277
0x00007f8cb49f8b80:   00007f8cb49f8c20 00007f8cc407acf0
0x00007f8cb49f8b90:   00000000a4ab8bc0 000000010005fda8
0x00007f8cb49f8ba0:   00007f8cca72a540 0000000000000003
0x00007f8cb49f8bb0:   00007f8cb49f8c20 00007f8cca726848
0x00007f8cb49f8bc0:   0000000089462178 00007f8cc407acb0
0x00007f8cb49f8bd0:   0000000000000001 00007f8cc407acb0
0x00007f8cb49f8be0:   00007f8cb49f8ce0 00007f8cca10caef
0x00007f8cb49f8bf0:   00007f8cca6f20a8 00007f8cca726848
0x00007f8cb49f8c00:   00007f8cc407ad40 00000000000a1a00
0x00007f8cb49f8c10:   0000000000200000 00007f8cc407acc0
0x00007f8cb49f8c20:   0000000000000004 00007f8cca720c29
0x00007f8cb49f8c30:   00000000891db968 0000000089462178
0x00007f8cb49f8c40:   00007f8cc407ad40 00000000a4ab8bc0
0x00007f8cb49f8c50:   00000000891db968 00007f8c000a1800
0x00007f8cb49f8c60:   00000000891db968 00000000000a1a00
0x00007f8cb49f8c70:   00000cba00000028 00000000a9756748
0x00007f8cb49f8c80:   00007f8cb49f8ce0 00007f8cca0f29d0
0x00007f8cb49f8c90:   0000000100000026 0000000000000400
0x00007f8cb49f8ca0:   0000000100000027 39e8fffd995d1300
0x00007f8cb49f8cb0:   00003a4100013b8b 0000000089205978
0x00007f8cb49f8cc0:   0000000000000000 00007f8cb49f8d64
0x00007f8cb49f8cd0:   0000000000000006 00007f8cb49f8d68
0x00007f8cb49f8ce0:   00007f8cb49f8e00 00007f8cca0f23d1
0x00007f8cb49f8cf0:   00007f8cc4028c10 00007f8cc4028c00
0x00007f8cb49f8d00:   00007f8cb49f8d68 00007f8cb49f8d64
0x00007f8cb49f8d10:   00000006c4028c10 00007f8cb49f8d90
0x00007f8cb49f8d20:   0000000000000004 0000000000200000
0x00007f8cb49f8d30:   000000000000a800 00007f8cca720c29
0x00007f8cb49f8d40:   00007f8cb49f8d70 00000000891db968
0x00007f8cb49f8d50:   00007f8c6c0a1640 00007f8cc407acb0
0x00007f8cb49f8d60:   480e7eb9c407acb0 0000000000000000 

Instructions: (pc=0x00007f8cc9e28771)
0x00007f8cc9e28751:   8d 35 c6 55 47 00 bf 03 00 00 00 e8 9f b6 0f 00
0x00007f8cc9e28761:   eb b5 e8 58 b3 bc ff 31 db e9 d1 fe ff ff 90 55
0x00007f8cc9e28771:   8b 4e 08 48 89 f2 48 89 e5 83 f9 00 7e 11 f6 c1
0x00007f8cc9e28781:   01 75 0e 89 c8 c1 f8 03 5d c3 0f 1f 44 00 00 75 

Register to memory mapping:

RAX=0x00007f8cca702d20: <offset 0xefcd20> in /usr/lib/jvm/java-8-openjdk/jre/lib/amd64/server/libjvm.so at 0x00007f8cc9806000
RBX=0x00007f8cc407acb0 is an unknown value
RCX=0x0000000000000003 is an unknown value
RDX=0x00007f8cb0a88000 is an unknown value
RSP=0x00007f8cb49f8b70 is an unknown value
RBP=0x00007f8cb49f8be0 is an unknown value
RSI=0x0000000000000000 is an unknown value
RDI=0x00000000885ad800 is pointing into object: 0x00000000885ad6e8
java.lang.Thread 
 - klass: 'java/lang/Thread'
R8 =0x00007f8cca72a540: <offset 0xf24540> in /usr/lib/jvm/java-8-openjdk/jre/lib/amd64/server/libjvm.so at 0x00007f8cc9806000
R9 =0x00000000885ad800 is pointing into object: 0x00000000885ad6e8
java.lang.Thread 
 - klass: 'java/lang/Thread'
R10=0x000000000000000c is an unknown value
R11=0x0100000000000000 is an unknown value
R12=0x00000000a4ab8bd8 is an oop
java.util.LinkedList$Node 
 - klass: 'java/util/LinkedList$Node'
R13=0x000000010005fda0 is pointing into metadata
R14=0x00000000a4ab8bcc is pointing into object: 0x00000000a4ab8bc0
java.util.LinkedList$Node 
 - klass: 'java/util/LinkedList$Node'
R15=0x00000000885ad800 is pointing into object: 0x00000000885ad6e8
java.lang.Thread 
 - klass: 'java/lang/Thread'


Stack: [0x00007f8cb48f9000,0x00007f8cb49fa000],  sp=0x00007f8cb49f8b70,  free space=1022k
Native frames: (J=compiled Java code, j=interpreted, Vv=VM code, C=native code)
V  [libjvm.so+0x622771]
V  [libjvm.so+0x906aef]
V  [libjvm.so+0x8ec3d1]
V  [libjvm.so+0x5a3a42]
V  [libjvm.so+0x8a7902]


---------------  P R O C E S S  ---------------

Java Threads: ( => current thread )
  0x00007f8cc4107800 JavaThread "Monitor Ctrl-Break" daemon [_thread_in_native, id=16063, stack(0x00007f8cad3d9000,0x00007f8cad4da000)]
  0x00007f8cc40d1000 JavaThread "Service Thread" daemon [_thread_blocked, id=16061, stack(0x00007f8cad5f4000,0x00007f8cad6f5000)]
  0x00007f8cc40c6000 JavaThread "C1 CompilerThread3" daemon [_thread_blocked, id=16060, stack(0x00007f8cad6f5000,0x00007f8cad7f6000)]
  0x00007f8cc40c3800 JavaThread "C2 CompilerThread2" daemon [_thread_blocked, id=16059, stack(0x00007f8cad7f6000,0x00007f8cad8f7000)]
  0x00007f8cc40c2000 JavaThread "C2 CompilerThread1" daemon [_thread_blocked, id=16058, stack(0x00007f8cad8f7000,0x00007f8cad9f8000)]
  0x00007f8cc40bf000 JavaThread "C2 CompilerThread0" daemon [_thread_blocked, id=16057, stack(0x00007f8cad9f8000,0x00007f8cadaf9000)]
  0x00007f8cc40bd800 JavaThread "Signal Dispatcher" daemon [_thread_blocked, id=16056, stack(0x00007f8cadaf9000,0x00007f8cadbfa000)]
  0x00007f8cc408a800 JavaThread "Finalizer" daemon [_thread_blocked, id=16055, stack(0x00007f8cadd92000,0x00007f8cade93000)]
  0x00007f8cc4086000 JavaThread "Reference Handler" daemon [_thread_blocked, id=16054, stack(0x00007f8cade93000,0x00007f8cadf94000)]
  0x00007f8cc4008800 JavaThread "main" [_thread_blocked, id=16044, stack(0x00007f8ccb417000,0x00007f8ccb518000)]

Other Threads:
  0x00007f8cc407e800 VMThread [stack: 0x00007f8cadf94000,0x00007f8cae095000] [id=16053]
  0x00007f8cc40d3800 WatcherThread [stack: 0x00007f8cad4f3000,0x00007f8cad5f4000] [id=16062]

=>0x00007f8cc4028800 (exited) GCTaskThread [stack: 0x00007f8cb48f9000,0x00007f8cb49fa000] [id=16051]

VM state:at safepoint (normal execution)

VM Mutex/Monitor currently owned by a thread:  ([mutex/lock_event])
[0x00007f8cc40067a0] Threads_lock - owner thread: 0x00007f8cc407e800
[0x00007f8cc4006ca0] Heap_lock - owner thread: 0x00007f8cc4008800

Heap:
 PSYoungGen      total 388096K, used 223232K [0x00000000d7100000, 0x00000000fe580000, 0x0000000100000000)
  eden space 164864K, 0% used [0x00000000d7100000,0x00000000d7100000,0x00000000e1200000)
  from space 223232K, 100% used [0x00000000e1200000,0x00000000eec00000,0x00000000eec00000)
  to   space 223232K, 0% used [0x00000000f0b80000,0x00000000f0b80000,0x00000000fe580000)
 ParOldGen       total 692736K, used 595345K [0x0000000085200000, 0x00000000af680000, 0x00000000d7100000)
  object space 692736K, 85% used [0x0000000085200000,0x00000000a97647e8,0x00000000af680000)
 Metaspace       used 3733K, capacity 4604K, committed 4864K, reserved 1056768K
  class space    used 421K, capacity 428K, committed 512K, reserved 1048576K

Card table byte_map: [0x00007f8cc830c000,0x00007f8cc86e4000] byte_map_base: 0x00007f8cc7ee3000

Marking Bits: (ParMarkBitMap*) 0x00007f8cca72a540
 Begin Bits: [0x00007f8cb0a88000, 0x00007f8cb2940000)
 End Bits:   [0x00007f8cb2940000, 0x00007f8cb47f8000)

Polling page: 0x00007f8ccb54d000

CodeCache: size=245760Kb used=1286Kb max_used=1298Kb free=244473Kb
 bounds [0x00007f8cb5000000, 0x00007f8cb5270000, 0x00007f8cc4000000]
 total_blobs=376 nmethods=118 adapters=173
 compilation: enabled

Compilation events (10 events):
Event: 0.912 Thread 0x00007f8cc40bf000 nmethod 112 0x00007f8cb513a490 code [0x00007f8cb513a5e0, 0x00007f8cb513a718]
Event: 1.031 Thread 0x00007f8cc40c2000  115 %     4       ad1.ss16.pa.Network::addAllConnections @ 2 (23 bytes)
Event: 1.035 Thread 0x00007f8cc40c3800 nmethod 114 0x00007f8cb5144250 code [0x00007f8cb5144460, 0x00007f8cb5145098]
Event: 1.045 Thread 0x00007f8cc40c2000 nmethod 115% 0x00007f8cb5145c50 code [0x00007f8cb5145e80, 0x00007f8cb5146a58]
Event: 1.046 Thread 0x00007f8cc40bf000  116       4       ad1.ss16.pa.Network::addAllConnections (23 bytes)
Event: 1.047 Thread 0x00007f8cc40bf000 nmethod 116 0x00007f8cb5138f90 code [0x00007f8cb51390e0, 0x00007f8cb5139188]
Event: 4.097 Thread 0x00007f8cc40c6000  117       1       java.nio.Buffer::position (5 bytes)
Event: 4.097 Thread 0x00007f8cc40c6000 nmethod 117 0x00007f8cb5137dd0 code [0x00007f8cb5137f20, 0x00007f8cb5138030]
Event: 8.935 Thread 0x00007f8cc40c6000  118       3       java.util.regex.Pattern::has (15 bytes)
Event: 8.935 Thread 0x00007f8cc40c6000 nmethod 118 0x00007f8cb5137a50 code [0x00007f8cb5137bc0, 0x00007f8cb5137d70]

GC Heap History (10 events):
Event: 4.650 GC heap after
Heap after GC invocations=11 (full 3):
 PSYoungGen      total 266240K, used 140288K [0x00000000d7100000, 0x00000000f7d80000, 0x0000000100000000)
  eden space 125952K, 0% used [0x00000000d7100000,0x00000000d7100000,0x00000000dec00000)
  from space 140288K, 100% used [0x00000000e9d80000,0x00000000f2680000,0x00000000f2680000)
  to   space 181760K, 0% used [0x00000000dec00000,0x00000000dec00000,0x00000000e9d80000)
 ParOldGen       total 432640K, used 351612K [0x0000000085200000, 0x000000009f880000, 0x00000000d7100000)
  object space 432640K, 81% used [0x0000000085200000,0x000000009a95f3f0,0x000000009f880000)
 Metaspace       used 3733K, capacity 4604K, committed 4864K, reserved 1056768K
  class space    used 421K, capacity 428K, committed 512K, reserved 1048576K
}
Event: 4.802 GC heap before
{Heap before GC invocations=12 (full 3):
 PSYoungGen      total 266240K, used 266240K [0x00000000d7100000, 0x00000000f7d80000, 0x0000000100000000)
  eden space 125952K, 100% used [0x00000000d7100000,0x00000000dec00000,0x00000000dec00000)
  from space 140288K, 100% used [0x00000000e9d80000,0x00000000f2680000,0x00000000f2680000)
  to   space 181760K, 0% used [0x00000000dec00000,0x00000000dec00000,0x00000000e9d80000)
 ParOldGen       total 432640K, used 351612K [0x0000000085200000, 0x000000009f880000, 0x00000000d7100000)
  object space 432640K, 81% used [0x0000000085200000,0x000000009a95f3f0,0x000000009f880000)
 Metaspace       used 3733K, capacity 4604K, committed 4864K, reserved 1056768K
  class space    used 421K, capacity 428K, committed 512K, reserved 1048576K
Event: 5.016 GC heap after
Heap after GC invocations=12 (full 3):
 PSYoungGen      total 307712K, used 181760K [0x00000000d7100000, 0x00000000fc600000, 0x0000000100000000)
  eden space 125952K, 0% used [0x00000000d7100000,0x00000000d7100000,0x00000000dec00000)
  from space 181760K, 100% used [0x00000000dec00000,0x00000000e9d80000,0x00000000e9d80000)
  to   space 223232K, 0% used [0x00000000eec00000,0x00000000eec00000,0x00000000fc600000)
 ParOldGen       total 432640K, used 411156K [0x0000000085200000, 0x000000009f880000, 0x00000000d7100000)
  object space 432640K, 95% used [0x0000000085200000,0x000000009e3853f0,0x000000009f880000)
 Metaspace       used 3733K, capacity 4604K, committed 4864K, reserved 1056768K
  class space    used 421K, capacity 428K, committed 512K, reserved 1048576K
}
Event: 5.016 GC heap before
{Heap before GC invocations=13 (full 4):
 PSYoungGen      total 307712K, used 181760K [0x00000000d7100000, 0x00000000fc600000, 0x0000000100000000)
  eden space 125952K, 0% used [0x00000000d7100000,0x00000000d7100000,0x00000000dec00000)
  from space 181760K, 100% used [0x00000000dec00000,0x00000000e9d80000,0x00000000e9d80000)
  to   space 223232K, 0% used [0x00000000eec00000,0x00000000eec00000,0x00000000fc600000)
 ParOldGen       total 432640K, used 411156K [0x0000000085200000, 0x000000009f880000, 0x00000000d7100000)
  object space 432640K, 95% used [0x0000000085200000,0x000000009e3853f0,0x000000009f880000)
 Metaspace       used 3733K, capacity 4604K, committed 4864K, reserved 1056768K
  class space    used 421K, capacity 428K, committed 512K, reserved 1048576K
Event: 8.924 GC heap after
Heap after GC invocations=13 (full 4):
 PSYoungGen      total 307712K, used 159594K [0x00000000d7100000, 0x00000000fc600000, 0x0000000100000000)
  eden space 125952K, 0% used [0x00000000d7100000,0x00000000d7100000,0x00000000dec00000)
  from space 181760K, 87% used [0x00000000dec00000,0x00000000e87daae8,0x00000000e9d80000)
  to   space 223232K, 0% used [0x00000000eec00000,0x00000000eec00000,0x00000000fc600000)
 ParOldGen       total 692736K, used 432433K [0x0000000085200000, 0x00000000af680000, 0x00000000d7100000)
  object space 692736K, 62% used [0x0000000085200000,0x000000009f84c7e8,0x00000000af680000)
 Metaspace       used 3733K, capacity 4604K, committed 4864K, reserved 1056768K
  class space    used 421K, capacity 428K, committed 512K, reserved 1048576K
}
Event: 9.069 GC heap before
{Heap before GC invocations=14 (full 4):
 PSYoungGen      total 307712K, used 285546K [0x00000000d7100000, 0x00000000fc600000, 0x0000000100000000)
  eden space 125952K, 100% used [0x00000000d7100000,0x00000000dec00000,0x00000000dec00000)
  from space 181760K, 87% used [0x00000000dec00000,0x00000000e87daae8,0x00000000e9d80000)
  to   space 223232K, 0% used [0x00000000eec00000,0x00000000eec00000,0x00000000fc600000)
 ParOldGen       total 692736K, used 432433K [0x0000000085200000, 0x00000000af680000, 0x00000000d7100000)
  object space 692736K, 62% used [0x0000000085200000,0x000000009f84c7e8,0x00000000af680000)
 Metaspace       used 3733K, capacity 4604K, committed 4864K, reserved 1056768K
  class space    used 421K, capacity 428K, committed 512K, reserved 1048576K
Event: 9.303 GC heap after
Heap after GC invocations=14 (full 4):
 PSYoungGen      total 379392K, used 223232K [0x00000000d7100000, 0x00000000fc600000, 0x0000000100000000)
  eden space 156160K, 0% used [0x00000000d7100000,0x00000000d7100000,0x00000000e0980000)
  from space 223232K, 100% used [0x00000000eec00000,0x00000000fc600000,0x00000000fc600000)
  to   space 223232K, 0% used [0x00000000e1200000,0x00000000e1200000,0x00000000eec00000)
 ParOldGen       total 692736K, used 469937K [0x0000000085200000, 0x00000000af680000, 0x00000000d7100000)
  object space 692736K, 67% used [0x0000000085200000,0x00000000a1cec7e8,0x00000000af680000)
 Metaspace       used 3733K, capacity 4604K, committed 4864K, reserved 1056768K
  class space    used 421K, capacity 428K, committed 512K, reserved 1048576K
}
Event: 9.522 GC heap before
{Heap before GC invocations=15 (full 4):
 PSYoungGen      total 379392K, used 379392K [0x00000000d7100000, 0x00000000fc600000, 0x0000000100000000)
  eden space 156160K, 100% used [0x00000000d7100000,0x00000000e0980000,0x00000000e0980000)
  from space 223232K, 100% used [0x00000000eec00000,0x00000000fc600000,0x00000000fc600000)
  to   space 223232K, 0% used [0x00000000e1200000,0x00000000e1200000,0x00000000eec00000)
 ParOldGen       total 692736K, used 469937K [0x0000000085200000, 0x00000000af680000, 0x00000000d7100000)
  object space 692736K, 67% used [0x0000000085200000,0x00000000a1cec7e8,0x00000000af680000)
 Metaspace       used 3733K, capacity 4604K, committed 4864K, reserved 1056768K
  class space    used 421K, capacity 428K, committed 512K, reserved 1048576K
Event: 9.787 GC heap after
Heap after GC invocations=15 (full 4):
 PSYoungGen      total 388096K, used 223232K [0x00000000d7100000, 0x00000000fe580000, 0x0000000100000000)
  eden space 164864K, 0% used [0x00000000d7100000,0x00000000d7100000,0x00000000e1200000)
  from space 223232K, 100% used [0x00000000e1200000,0x00000000eec00000,0x00000000eec00000)
  to   space 223232K, 0% used [0x00000000f0b80000,0x00000000f0b80000,0x00000000fe580000)
 ParOldGen       total 692736K, used 595345K [0x0000000085200000, 0x00000000af680000, 0x00000000d7100000)
  object space 692736K, 85% used [0x0000000085200000,0x00000000a97647e8,0x00000000af680000)
 Metaspace       used 3733K, capacity 4604K, committed 4864K, reserved 1056768K
  class space    used 421K, capacity 428K, committed 512K, reserved 1048576K
}
Event: 9.787 GC heap before
{Heap before GC invocations=16 (full 5):
 PSYoungGen      total 388096K, used 223232K [0x00000000d7100000, 0x00000000fe580000, 0x0000000100000000)
  eden space 164864K, 0% used [0x00000000d7100000,0x00000000d7100000,0x00000000e1200000)
  from space 223232K, 100% used [0x00000000e1200000,0x00000000eec00000,0x00000000eec00000)
  to   space 223232K, 0% used [0x00000000f0b80000,0x00000000f0b80000,0x00000000fe580000)
 ParOldGen       total 692736K, used 595345K [0x0000000085200000, 0x00000000af680000, 0x00000000d7100000)
  object space 692736K, 85% used [0x0000000085200000,0x00000000a97647e8,0x00000000af680000)
 Metaspace       used 3733K, capacity 4604K, committed 4864K, reserved 1056768K
  class space    used 421K, capacity 428K, committed 512K, reserved 1048576K

Deoptimization events (6 events):
Event: 0.423 Thread 0x00007f8cc4008800 Uncommon trap: reason=unstable_if action=reinterpret pc=0x00007f8cb512a970 method=ad1.ss16.pa.Network.<init>(I)V @ 45
Event: 0.424 Thread 0x00007f8cc4008800 Uncommon trap: reason=unstable_if action=reinterpret pc=0x00007f8cb512ae74 method=java.lang.Integer.valueOf(I)Ljava/lang/Integer; @ 10
Event: 0.910 Thread 0x00007f8cc4008800 Uncommon trap: reason=unstable_if action=reinterpret pc=0x00007f8cb513c6f0 method=ad1.ss16.pa.Network.addAllConnections(I)V @ 7
Event: 0.910 Thread 0x00007f8cc4008800 Uncommon trap: reason=unstable_if action=reinterpret pc=0x00007f8cb513ec70 method=java.util.LinkedList.indexOf(Ljava/lang/Object;)I @ 44
Event: 0.910 Thread 0x00007f8cc4008800 Uncommon trap: reason=unstable_if action=reinterpret pc=0x00007f8cb513a04c method=java.util.LinkedList.indexOf(Ljava/lang/Object;)I @ 44
Event: 0.910 Thread 0x00007f8cc4008800 Uncommon trap: reason=unstable_if action=reinterpret pc=0x00007f8cb5139dd0 method=java.util.LinkedList.indexOf(Ljava/lang/Object;)I @ 44

Internal exceptions (8 events):
Event: 0.019 Thread 0x00007f8cc4008800 Exception <a 'java/lang/NoSuchMethodError': Method sun.misc.Unsafe.defineClass(Ljava/lang/String;[BII)Ljava/lang/Class; name or signature does not match> (0x00000000d7107cc0) thrown at [/build/java8-openjdk/src/jdk8u-jdk8u92-b14/hotspot/src/share/vm/prims
Event: 0.019 Thread 0x00007f8cc4008800 Exception <a 'java/lang/NoSuchMethodError': Method sun.misc.Unsafe.prefetchRead(Ljava/lang/Object;J)V name or signature does not match> (0x00000000d7107fa8) thrown at [/build/java8-openjdk/src/jdk8u-jdk8u92-b14/hotspot/src/share/vm/prims/jni.cpp, line 401
Event: 0.076 Thread 0x00007f8cc4008800 Exception <a 'java/security/PrivilegedActionException'> (0x00000000d72e8c08) thrown at [/build/java8-openjdk/src/jdk8u-jdk8u92-b14/hotspot/src/share/vm/prims/jvm.cpp, line 1386]
Event: 0.076 Thread 0x00007f8cc4008800 Exception <a 'java/security/PrivilegedActionException'> (0x00000000d72e9000) thrown at [/build/java8-openjdk/src/jdk8u-jdk8u92-b14/hotspot/src/share/vm/prims/jvm.cpp, line 1386]
Event: 0.076 Thread 0x00007f8cc4008800 Exception <a 'java/security/PrivilegedActionException'> (0x00000000d72eb250) thrown at [/build/java8-openjdk/src/jdk8u-jdk8u92-b14/hotspot/src/share/vm/prims/jvm.cpp, line 1386]
Event: 0.076 Thread 0x00007f8cc4008800 Exception <a 'java/security/PrivilegedActionException'> (0x00000000d72eb648) thrown at [/build/java8-openjdk/src/jdk8u-jdk8u92-b14/hotspot/src/share/vm/prims/jvm.cpp, line 1386]
Event: 0.076 Thread 0x00007f8cc4008800 Exception <a 'java/security/PrivilegedActionException'> (0x00000000d72ec470) thrown at [/build/java8-openjdk/src/jdk8u-jdk8u92-b14/hotspot/src/share/vm/prims/jvm.cpp, line 1386]
Event: 0.076 Thread 0x00007f8cc4008800 Exception <a 'java/security/PrivilegedActionException'> (0x00000000d72ec868) thrown at [/build/java8-openjdk/src/jdk8u-jdk8u92-b14/hotspot/src/share/vm/prims/jvm.cpp, line 1386]

Events (10 events):
Event: 4.053 Executing VM operation: EnableBiasedLocking done
Event: 4.146 Executing VM operation: ParallelGCFailedAllocation
Event: 4.346 Executing VM operation: ParallelGCFailedAllocation done
Event: 4.450 Executing VM operation: ParallelGCFailedAllocation
Event: 4.650 Executing VM operation: ParallelGCFailedAllocation done
Event: 4.802 Executing VM operation: ParallelGCFailedAllocation
Event: 8.924 Executing VM operation: ParallelGCFailedAllocation done
Event: 9.069 Executing VM operation: ParallelGCFailedAllocation
Event: 9.303 Executing VM operation: ParallelGCFailedAllocation done
Event: 9.522 Executing VM operation: ParallelGCFailedAllocation


Dynamic libraries:
00400000-00401000 r-xp 00000000 08:12 14036665                           /usr/lib/jvm/java-8-openjdk/jre/bin/java
00600000-00601000 rw-p 00000000 08:12 14036665                           /usr/lib/jvm/java-8-openjdk/jre/bin/java
01a40000-01a61000 rw-p 00000000 00:00 0                                  [heap]
85200000-af680000 rw-p 00000000 00:00 0 
af680000-d7100000 ---p 00000000 00:00 0 
d7100000-fe580000 rw-p 00000000 00:00 0 
fe580000-100000000 ---p 00000000 00:00 0 
100000000-100080000 rw-p 00000000 00:00 0 
100080000-140000000 ---p 00000000 00:00 0 
7f8c5c000000-7f8c5c021000 rw-p 00000000 00:00 0 
7f8c5c021000-7f8c60000000 ---p 00000000 00:00 0 
7f8c64000000-7f8c64021000 rw-p 00000000 00:00 0 
7f8c64021000-7f8c68000000 ---p 00000000 00:00 0 
7f8c68000000-7f8c68021000 rw-p 00000000 00:00 0 
7f8c68021000-7f8c6c000000 ---p 00000000 00:00 0 
7f8c6c000000-7f8c6c188000 rw-p 00000000 00:00 0 
7f8c6c188000-7f8c70000000 ---p 00000000 00:00 0 
7f8c70000000-7f8c7003c000 rw-p 00000000 00:00 0 
7f8c7003c000-7f8c74000000 ---p 00000000 00:00 0 
7f8c74000000-7f8c740e6000 rw-p 00000000 00:00 0 
7f8c740e6000-7f8c78000000 ---p 00000000 00:00 0 
7f8c78000000-7f8c7814d000 rw-p 00000000 00:00 0 
7f8c7814d000-7f8c7c000000 ---p 00000000 00:00 0 
7f8c7c000000-7f8c7c021000 rw-p 00000000 00:00 0 
7f8c7c021000-7f8c80000000 ---p 00000000 00:00 0 
7f8c80000000-7f8c80021000 rw-p 00000000 00:00 0 
7f8c80021000-7f8c84000000 ---p 00000000 00:00 0 
7f8c84000000-7f8c84021000 rw-p 00000000 00:00 0 
7f8c84021000-7f8c88000000 ---p 00000000 00:00 0 
7f8c88000000-7f8c88021000 rw-p 00000000 00:00 0 
7f8c88021000-7f8c8c000000 ---p 00000000 00:00 0 
7f8c8c000000-7f8c8c021000 rw-p 00000000 00:00 0 
7f8c8c021000-7f8c90000000 ---p 00000000 00:00 0 
7f8c90000000-7f8c90021000 rw-p 00000000 00:00 0 
7f8c90021000-7f8c94000000 ---p 00000000 00:00 0 
7f8c94000000-7f8c94021000 rw-p 00000000 00:00 0 
7f8c94021000-7f8c98000000 ---p 00000000 00:00 0 
7f8c98000000-7f8c98021000 rw-p 00000000 00:00 0 
7f8c98021000-7f8c9c000000 ---p 00000000 00:00 0 
7f8c9c000000-7f8c9c021000 rw-p 00000000 00:00 0 
7f8c9c021000-7f8ca0000000 ---p 00000000 00:00 0 
7f8ca0000000-7f8ca0021000 rw-p 00000000 00:00 0 
7f8ca0021000-7f8ca4000000 ---p 00000000 00:00 0 
7f8ca4000000-7f8ca4021000 rw-p 00000000 00:00 0 
7f8ca4021000-7f8ca8000000 ---p 00000000 00:00 0 
7f8ca8000000-7f8ca8021000 rw-p 00000000 00:00 0 
7f8ca8021000-7f8cac000000 ---p 00000000 00:00 0 
7f8cacf80000-7f8cacf91000 r-xp 00000000 08:12 14435558                   /usr/lib/jvm/java-8-openjdk/jre/lib/amd64/libnio.so
7f8cacf91000-7f8cad190000 ---p 00011000 08:12 14435558                   /usr/lib/jvm/java-8-openjdk/jre/lib/amd64/libnio.so
7f8cad190000-7f8cad191000 rw-p 00010000 08:12 14435558                   /usr/lib/jvm/java-8-openjdk/jre/lib/amd64/libnio.so
7f8cad191000-7f8cad1c2000 rw-p 00000000 00:00 0 
7f8cad1c2000-7f8cad1d8000 r-xp 00000000 08:12 14435547                   /usr/lib/jvm/java-8-openjdk/jre/lib/amd64/libnet.so
7f8cad1d8000-7f8cad3d8000 ---p 00016000 08:12 14435547                   /usr/lib/jvm/java-8-openjdk/jre/lib/amd64/libnet.so
7f8cad3d8000-7f8cad3d9000 rw-p 00016000 08:12 14435547                   /usr/lib/jvm/java-8-openjdk/jre/lib/amd64/libnet.so
7f8cad3d9000-7f8cad3dc000 ---p 00000000 00:00 0 
7f8cad3dc000-7f8cad4da000 rw-p 00000000 00:00 0 
7f8cad4da000-7f8cad4dc000 r--s 0001e000 08:12 13644468                   /usr/share/intellijidea-ce/lib/idea_rt.jar
7f8cad4dc000-7f8cad4ef000 r--s 00345000 08:12 14178992                   /usr/lib/jvm/java-8-openjdk/jre/lib/resources.jar
7f8cad4ef000-7f8cad4f3000 r--s 00097000 08:12 14178991                   /usr/lib/jvm/java-8-openjdk/jre/lib/jsse.jar
7f8cad4f3000-7f8cad4f4000 ---p 00000000 00:00 0 
7f8cad4f4000-7f8cad5f4000 rw-p 00000000 00:00 0 
7f8cad5f4000-7f8cad5f7000 ---p 00000000 00:00 0 
7f8cad5f7000-7f8cad6f5000 rw-p 00000000 00:00 0 
7f8cad6f5000-7f8cad6f8000 ---p 00000000 00:00 0 
7f8cad6f8000-7f8cad7f6000 rw-p 00000000 00:00 0 
7f8cad7f6000-7f8cad7f9000 ---p 00000000 00:00 0 
7f8cad7f9000-7f8cad8f7000 rw-p 00000000 00:00 0 
7f8cad8f7000-7f8cad8fa000 ---p 00000000 00:00 0 
7f8cad8fa000-7f8cad9f8000 rw-p 00000000 00:00 0 
7f8cad9f8000-7f8cad9fb000 ---p 00000000 00:00 0 
7f8cad9fb000-7f8cadaf9000 rw-p 00000000 00:00 0 
7f8cadaf9000-7f8cadafc000 ---p 00000000 00:00 0 
7f8cadafc000-7f8cadbfa000 rw-p 00000000 00:00 0 
7f8cadbfa000-7f8cadd92000 r--p 00000000 08:12 13521119                   /usr/lib/locale/locale-archive
7f8cadd92000-7f8cadd95000 ---p 00000000 00:00 0 
7f8cadd95000-7f8cade93000 rw-p 00000000 00:00 0 
7f8cade93000-7f8cade96000 ---p 00000000 00:00 0 
7f8cade96000-7f8cadf94000 rw-p 00000000 00:00 0 
7f8cadf94000-7f8cadf95000 ---p 00000000 00:00 0 
7f8cadf95000-7f8cafce4000 rw-p 00000000 00:00 0 
7f8cafce4000-7f8cafeb1000 r--s 03bec000 08:12 14178993                   /usr/lib/jvm/java-8-openjdk/jre/lib/rt.jar
7f8cafeb1000-7f8cb02f1000 rw-p 00000000 00:00 0 
7f8cb02f1000-7f8cb06b1000 ---p 00000000 00:00 0 
7f8cb06b1000-7f8cb47f8000 rw-p 00000000 00:00 0 
7f8cb47f8000-7f8cb47f9000 ---p 00000000 00:00 0 
7f8cb47f9000-7f8cb48f9000 rw-p 00000000 00:00 0 
7f8cb48f9000-7f8cb48fa000 ---p 00000000 00:00 0 
7f8cb48fa000-7f8cb49fa000 rw-p 00000000 00:00 0 
7f8cb49fa000-7f8cb49fb000 ---p 00000000 00:00 0 
7f8cb49fb000-7f8cb4afb000 rw-p 00000000 00:00 0 
7f8cb4afb000-7f8cb4afc000 ---p 00000000 00:00 0 
7f8cb4afc000-7f8cb4bfc000 rw-p 00000000 00:00 0 
7f8cb4bfc000-7f8cb4bfd000 ---p 00000000 00:00 0 
7f8cb4bfd000-7f8cb4cfd000 rw-p 00000000 00:00 0 
7f8cb4cfd000-7f8cb4cfe000 ---p 00000000 00:00 0 
7f8cb4cfe000-7f8cb4dfe000 rw-p 00000000 00:00 0 
7f8cb4dfe000-7f8cb4dff000 ---p 00000000 00:00 0 
7f8cb4dff000-7f8cb4eff000 rw-p 00000000 00:00 0 
7f8cb4eff000-7f8cb4f00000 ---p 00000000 00:00 0 
7f8cb4f00000-7f8cb5000000 rw-p 00000000 00:00 0 
7f8cb5000000-7f8cb5270000 rwxp 00000000 00:00 0 
7f8cb5270000-7f8cc4000000 ---p 00000000 00:00 0 
7f8cc4000000-7f8cc414a000 rw-p 00000000 00:00 0 
7f8cc414a000-7f8cc8000000 ---p 00000000 00:00 0 
7f8cc8001000-7f8cc8006000 r--s 002f9000 08:12 14178990                   /usr/lib/jvm/java-8-openjdk/jre/lib/charsets.jar
7f8cc8006000-7f8cc81cf000 rw-p 00000000 00:00 0 
7f8cc81cf000-7f8cc830c000 ---p 00000000 00:00 0 
7f8cc830c000-7f8cc845f000 rw-p 00000000 00:00 0 
7f8cc845f000-7f8cc859b000 ---p 00000000 00:00 0 
7f8cc859b000-7f8cc86d6000 rw-p 00000000 00:00 0 
7f8cc86d6000-7f8cc86e3000 ---p 00000000 00:00 0 
7f8cc86e3000-7f8cc86ee000 rw-p 00000000 00:00 0 
7f8cc86ee000-7f8cc8aa4000 ---p 00000000 00:00 0 
7f8cc8aa4000-7f8cc8aac000 r-xp 00000000 08:12 14435545                   /usr/lib/jvm/java-8-openjdk/jre/lib/amd64/libzip.so
7f8cc8aac000-7f8cc8cab000 ---p 00008000 08:12 14435545                   /usr/lib/jvm/java-8-openjdk/jre/lib/amd64/libzip.so
7f8cc8cab000-7f8cc8cac000 rw-p 00007000 08:12 14435545                   /usr/lib/jvm/java-8-openjdk/jre/lib/amd64/libzip.so
7f8cc8cac000-7f8cc8cb7000 r-xp 00000000 08:12 13511571                   /usr/lib/libnss_files-2.23.so
7f8cc8cb7000-7f8cc8eb6000 ---p 0000b000 08:12 13511571                   /usr/lib/libnss_files-2.23.so
7f8cc8eb6000-7f8cc8eb7000 r--p 0000a000 08:12 13511571                   /usr/lib/libnss_files-2.23.so
7f8cc8eb7000-7f8cc8eb8000 rw-p 0000b000 08:12 13511571                   /usr/lib/libnss_files-2.23.so
7f8cc8eb8000-7f8cc8ebe000 rw-p 00000000 00:00 0 
7f8cc8ebe000-7f8cc8eea000 r-xp 00000000 08:12 14435544                   /usr/lib/jvm/java-8-openjdk/jre/lib/amd64/libjava.so
7f8cc8eea000-7f8cc90ea000 ---p 0002c000 08:12 14435544                   /usr/lib/jvm/java-8-openjdk/jre/lib/amd64/libjava.so
7f8cc90ea000-7f8cc90ec000 rw-p 0002c000 08:12 14435544                   /usr/lib/jvm/java-8-openjdk/jre/lib/amd64/libjava.so
7f8cc90ec000-7f8cc90f9000 r-xp 00000000 08:12 14435537                   /usr/lib/jvm/java-8-openjdk/jre/lib/amd64/libverify.so
7f8cc90f9000-7f8cc92f8000 ---p 0000d000 08:12 14435537                   /usr/lib/jvm/java-8-openjdk/jre/lib/amd64/libverify.so
7f8cc92f8000-7f8cc92fa000 rw-p 0000c000 08:12 14435537                   /usr/lib/jvm/java-8-openjdk/jre/lib/amd64/libverify.so
7f8cc92fa000-7f8cc9301000 r-xp 00000000 08:12 13511585                   /usr/lib/librt-2.23.so
7f8cc9301000-7f8cc9500000 ---p 00007000 08:12 13511585                   /usr/lib/librt-2.23.so
7f8cc9500000-7f8cc9501000 r--p 00006000 08:12 13511585                   /usr/lib/librt-2.23.so
7f8cc9501000-7f8cc9502000 rw-p 00007000 08:12 13511585                   /usr/lib/librt-2.23.so
7f8cc9502000-7f8cc9605000 r-xp 00000000 08:12 13511582                   /usr/lib/libm-2.23.so
7f8cc9605000-7f8cc9804000 ---p 00103000 08:12 13511582                   /usr/lib/libm-2.23.so
7f8cc9804000-7f8cc9805000 r--p 00102000 08:12 13511582                   /usr/lib/libm-2.23.so
7f8cc9805000-7f8cc9806000 rw-p 00103000 08:12 13511582                   /usr/lib/libm-2.23.so
7f8cc9806000-7f8cca45b000 r-xp 00000000 08:12 14955253                   /usr/lib/jvm/java-8-openjdk/jre/lib/amd64/server/libjvm.so
7f8cca45b000-7f8cca65b000 ---p 00c55000 08:12 14955253                   /usr/lib/jvm/java-8-openjdk/jre/lib/amd64/server/libjvm.so
7f8cca65b000-7f8cca717000 rw-p 00c55000 08:12 14955253                   /usr/lib/jvm/java-8-openjdk/jre/lib/amd64/server/libjvm.so
7f8cca717000-7f8cca747000 rw-p 00000000 00:00 0 
7f8cca747000-7f8cca8de000 r-xp 00000000 08:12 13510007                   /usr/lib/libc-2.23.so
7f8cca8de000-7f8ccaade000 ---p 00197000 08:12 13510007                   /usr/lib/libc-2.23.so
7f8ccaade000-7f8ccaae2000 r--p 00197000 08:12 13510007                   /usr/lib/libc-2.23.so
7f8ccaae2000-7f8ccaae4000 rw-p 0019b000 08:12 13510007                   /usr/lib/libc-2.23.so
7f8ccaae4000-7f8ccaae8000 rw-p 00000000 00:00 0 
7f8ccaae8000-7f8ccaaea000 r-xp 00000000 08:12 13511581                   /usr/lib/libdl-2.23.so
7f8ccaaea000-7f8ccacea000 ---p 00002000 08:12 13511581                   /usr/lib/libdl-2.23.so
7f8ccacea000-7f8ccaceb000 r--p 00002000 08:12 13511581                   /usr/lib/libdl-2.23.so
7f8ccaceb000-7f8ccacec000 rw-p 00003000 08:12 13511581                   /usr/lib/libdl-2.23.so
7f8ccacec000-7f8ccacf9000 r-xp 00000000 08:12 15101872                   /usr/lib/jvm/java-8-openjdk/jre/lib/amd64/jli/libjli.so
7f8ccacf9000-7f8ccaef8000 ---p 0000d000 08:12 15101872                   /usr/lib/jvm/java-8-openjdk/jre/lib/amd64/jli/libjli.so
7f8ccaef8000-7f8ccaef9000 rw-p 0000c000 08:12 15101872                   /usr/lib/jvm/java-8-openjdk/jre/lib/amd64/jli/libjli.so
7f8ccaef9000-7f8ccaf0e000 r-xp 00000000 08:12 13511254                   /usr/lib/libz.so.1.2.8
7f8ccaf0e000-7f8ccb10d000 ---p 00015000 08:12 13511254                   /usr/lib/libz.so.1.2.8
7f8ccb10d000-7f8ccb10e000 r--p 00014000 08:12 13511254                   /usr/lib/libz.so.1.2.8
7f8ccb10e000-7f8ccb10f000 rw-p 00015000 08:12 13511254                   /usr/lib/libz.so.1.2.8
7f8ccb10f000-7f8ccb127000 r-xp 00000000 08:12 13509985                   /usr/lib/libpthread-2.23.so
7f8ccb127000-7f8ccb326000 ---p 00018000 08:12 13509985                   /usr/lib/libpthread-2.23.so
7f8ccb326000-7f8ccb327000 r--p 00017000 08:12 13509985                   /usr/lib/libpthread-2.23.so
7f8ccb327000-7f8ccb328000 rw-p 00018000 08:12 13509985                   /usr/lib/libpthread-2.23.so
7f8ccb328000-7f8ccb32c000 rw-p 00000000 00:00 0 
7f8ccb32c000-7f8ccb34f000 r-xp 00000000 08:12 13510006                   /usr/lib/ld-2.23.so
7f8ccb34f000-7f8ccb352000 r--s 00015000 08:12 14178987                   /usr/lib/jvm/java-8-openjdk/jre/lib/jce.jar
7f8ccb352000-7f8ccb417000 rw-p 00000000 00:00 0 
7f8ccb417000-7f8ccb41a000 ---p 00000000 00:00 0 
7f8ccb41a000-7f8ccb51c000 rw-p 00000000 00:00 0 
7f8ccb51c000-7f8ccb51d000 r--s 00000000 08:12 14178988                   /usr/lib/jvm/java-8-openjdk/jre/lib/management-agent.jar
7f8ccb51d000-7f8ccb544000 rw-p 00000000 00:00 0 
7f8ccb544000-7f8ccb54c000 rw-s 00000000 00:22 187761                     /tmp/hsperfdata_zenon/16043
7f8ccb54c000-7f8ccb54d000 rw-p 00000000 00:00 0 
7f8ccb54d000-7f8ccb54e000 ---p 00000000 00:00 0 
7f8ccb54e000-7f8ccb54f000 rw-p 00000000 00:00 0 
7f8ccb54f000-7f8ccb550000 r--p 00023000 08:12 13510006                   /usr/lib/ld-2.23.so
7f8ccb550000-7f8ccb551000 rw-p 00024000 08:12 13510006                   /usr/lib/ld-2.23.so
7f8ccb551000-7f8ccb552000 rw-p 00000000 00:00 0 
7fffc26cc000-7fffc26ed000 rw-p 00000000 00:00 0                          [stack]
7fffc27f3000-7fffc27f6000 r--p 00000000 00:00 0                          [vvar]
7fffc27f6000-7fffc27f8000 r-xp 00000000 00:00 0                          [vdso]
ffffffffff600000-ffffffffff601000 r-xp 00000000 00:00 0                  [vsyscall]

VM Arguments:
jvm_args: -Didea.launcher.port=7536 -Didea.launcher.bin.path=/usr/share/intellijidea-ce/bin -Dfile.encoding=UTF-8 
java_command: com.intellij.rt.execution.application.AppMain ad1.ss16.pa.Tester
java_class_path (initial): /usr/lib/jvm/java-8-openjdk/jre/lib/charsets.jar:/usr/lib/jvm/java-8-openjdk/jre/lib/ext/cldrdata.jar:/usr/lib/jvm/java-8-openjdk/jre/lib/ext/dnsns.jar:/usr/lib/jvm/java-8-openjdk/jre/lib/ext/jaccess.jar:/usr/lib/jvm/java-8-openjdk/jre/lib/ext/localedata.jar:/usr/lib/jvm/java-8-openjdk/jre/lib/ext/nashorn.jar:/usr/lib/jvm/java-8-openjdk/jre/lib/ext/sunec.jar:/usr/lib/jvm/java-8-openjdk/jre/lib/ext/sunjce_provider.jar:/usr/lib/jvm/java-8-openjdk/jre/lib/ext/sunpkcs11.jar:/usr/lib/jvm/java-8-openjdk/jre/lib/ext/zipfs.jar:/usr/lib/jvm/java-8-openjdk/jre/lib/jce.jar:/usr/lib/jvm/java-8-openjdk/jre/lib/jsse.jar:/usr/lib/jvm/java-8-openjdk/jre/lib/management-agent.jar:/usr/lib/jvm/java-8-openjdk/jre/lib/resources.jar:/usr/lib/jvm/java-8-openjdk/jre/lib/rt.jar:/home/zenon/Documents/uni/2016SS/algodat/ad1/out/production/ad1:/usr/share/intellijidea-ce/lib/idea_rt.jar
Launcher Type: SUN_STANDARD

Environment Variables:
PATH=/usr/local/sbin:/usr/local/bin:/usr/bin:/usr/lib/jvm/default/bin:/usr/bin/site_perl:/usr/bin/vendor_perl:/usr/bin/core_perl
LD_LIBRARY_PATH=.:
SHELL=/usr/bin/zsh
DISPLAY=:0

Signal Handlers:
SIGSEGV: [libjvm.so+0xa5a220], sa_mask[0]=11111111011111111101111111111110, sa_flags=SA_RESTART|SA_SIGINFO
SIGBUS: [libjvm.so+0xa5a220], sa_mask[0]=11111111011111111101111111111110, sa_flags=SA_RESTART|SA_SIGINFO
SIGFPE: [libjvm.so+0x8a5a90], sa_mask[0]=11111111011111111101111111111110, sa_flags=SA_RESTART|SA_SIGINFO
SIGPIPE: [libjvm.so+0x8a5a90], sa_mask[0]=11111111011111111101111111111110, sa_flags=SA_RESTART|SA_SIGINFO
SIGXFSZ: [libjvm.so+0x8a5a90], sa_mask[0]=11111111011111111101111111111110, sa_flags=SA_RESTART|SA_SIGINFO
SIGILL: [libjvm.so+0x8a5a90], sa_mask[0]=11111111011111111101111111111110, sa_flags=SA_RESTART|SA_SIGINFO
SIGUSR1: SIG_DFL, sa_mask[0]=00000000000000000000000000000000, sa_flags=none
SIGUSR2: [libjvm.so+0x8a5940], sa_mask[0]=00100000000000000000000000000000, sa_flags=SA_RESTART|SA_SIGINFO
SIGHUP: [libjvm.so+0x8a5e10], sa_mask[0]=11111111011111111101111111111110, sa_flags=SA_RESTART|SA_SIGINFO
SIGINT: [libjvm.so+0x8a5e10], sa_mask[0]=11111111011111111101111111111110, sa_flags=SA_RESTART|SA_SIGINFO
SIGTERM: [libjvm.so+0x8a5e10], sa_mask[0]=11111111011111111101111111111110, sa_flags=SA_RESTART|SA_SIGINFO
SIGQUIT: [libjvm.so+0x8a5e10], sa_mask[0]=11111111011111111101111111111110, sa_flags=SA_RESTART|SA_SIGINFO


---------------  S Y S T E M  ---------------

OS:LSB_VERSION=1.4
DISTRIB_ID=Arch
DISTRIB_RELEASE=rolling
DISTRIB_DESCRIPTION="Arch Linux"

uname:Linux 4.5.4-1-ARCH #1 SMP PREEMPT Wed May 11 22:21:28 CEST 2016 x86_64
libc:glibc 2.23 NPTL 2.23 
rlimit: STACK 8192k, CORE infinity, NPROC 31417, NOFILE 4096, AS infinity
load average:2.52 1.96 1.07

/proc/meminfo:
MemTotal:        8048296 kB
MemFree:         1931392 kB
MemAvailable:    3917196 kB
Buffers:          153664 kB
Cached:          2061188 kB
SwapCached:            0 kB
Active:          4366876 kB
Inactive:        1373784 kB
Active(anon):    3530448 kB
Inactive(anon):    76324 kB
Active(file):     836428 kB
Inactive(file):  1297460 kB
Unevictable:           0 kB
Mlocked:               0 kB
SwapTotal:             0 kB
SwapFree:              0 kB
Dirty:              8776 kB
Writeback:             0 kB
AnonPages:       3375560 kB
Mapped:           388772 kB
Shmem:             80796 kB
Slab:             176844 kB
SReclaimable:     142488 kB
SUnreclaim:        34356 kB
KernelStack:        7408 kB
PageTables:        25932 kB
NFS_Unstable:          0 kB
Bounce:                0 kB
WritebackTmp:          0 kB
CommitLimit:     4024148 kB
Committed_AS:    5902796 kB
VmallocTotal:   34359738367 kB
VmallocUsed:           0 kB
VmallocChunk:          0 kB
HardwareCorrupted:     0 kB
AnonHugePages:   2164736 kB
HugePages_Total:       0
HugePages_Free:        0
HugePages_Rsvd:        0
HugePages_Surp:        0
Hugepagesize:       2048 kB
DirectMap4k:      204380 kB
DirectMap2M:     3858432 kB
DirectMap1G:     5242880 kB


CPU:total 8 (4 cores per cpu, 2 threads per core) family 6 model 60 stepping 3, cmov, cx8, fxsr, mmx, sse, sse2, sse3, ssse3, sse4.1, sse4.2, popcnt, avx, avx2, aes, clmul, erms, rtm, lzcnt, ht, tsc, tscinvbit, bmi1, bmi2

/proc/cpuinfo:
processor	: 0
vendor_id	: GenuineIntel
cpu family	: 6
model		: 60
model name	: Intel(R) Xeon(R) CPU E3-1230 v3 @ 3.30GHz
stepping	: 3
microcode	: 0x17
cpu MHz		: 3499.933
cache size	: 8192 KB
physical id	: 0
siblings	: 8
core id		: 0
cpu cores	: 4
apicid		: 0
initial apicid	: 0
fpu		: yes
fpu_exception	: yes
cpuid level	: 13
wp		: yes
flags		: fpu vme de pse tsc msr pae mce cx8 apic sep mtrr pge mca cmov pat pse36 clflush dts acpi mmx fxsr sse sse2 ss ht tm pbe syscall nx pdpe1gb rdtscp lm constant_tsc arch_perfmon pebs bts rep_good nopl xtopology nonstop_tsc aperfmperf eagerfpu pni pclmulqdq dtes64 monitor ds_cpl vmx smx est tm2 ssse3 sdbg fma cx16 xtpr pdcm pcid sse4_1 sse4_2 x2apic movbe popcnt tsc_deadline_timer aes xsave avx f16c rdrand lahf_lm abm tpr_shadow vnmi flexpriority ept vpid fsgsbase tsc_adjust bmi1 hle avx2 smep bmi2 erms invpcid rtm xsaveopt dtherm ida arat pln pts
bugs		:
bogomips	: 6602.29
clflush size	: 64
cache_alignment	: 64
address sizes	: 39 bits physical, 48 bits virtual
power management:

processor	: 1
vendor_id	: GenuineIntel
cpu family	: 6
model		: 60
model name	: Intel(R) Xeon(R) CPU E3-1230 v3 @ 3.30GHz
stepping	: 3
microcode	: 0x17
cpu MHz		: 3499.933
cache size	: 8192 KB
physical id	: 0
siblings	: 8
core id		: 1
cpu cores	: 4
apicid		: 2
initial apicid	: 2
fpu		: yes
fpu_exception	: yes
cpuid level	: 13
wp		: yes
flags		: fpu vme de pse tsc msr pae mce cx8 apic sep mtrr pge mca cmov pat pse36 clflush dts acpi mmx fxsr sse sse2 ss ht tm pbe syscall nx pdpe1gb rdtscp lm constant_tsc arch_perfmon pebs bts rep_good nopl xtopology nonstop_tsc aperfmperf eagerfpu pni pclmulqdq dtes64 monitor ds_cpl vmx smx est tm2 ssse3 sdbg fma cx16 xtpr pdcm pcid sse4_1 sse4_2 x2apic movbe popcnt tsc_deadline_timer aes xsave avx f16c rdrand lahf_lm abm tpr_shadow vnmi flexpriority ept vpid fsgsbase tsc_adjust bmi1 hle avx2 smep bmi2 erms invpcid rtm xsaveopt dtherm ida arat pln pts
bugs		:
bogomips	: 6602.29
clflush size	: 64
cache_alignment	: 64
address sizes	: 39 bits physical, 48 bits virtual
power management:

processor	: 2
vendor_id	: GenuineIntel
cpu family	: 6
model		: 60
model name	: Intel(R) Xeon(R) CPU E3-1230 v3 @ 3.30GHz
stepping	: 3
microcode	: 0x17
cpu MHz		: 3499.933
cache size	: 8192 KB
physical id	: 0
siblings	: 8
core id		: 2
cpu cores	: 4
apicid		: 4
initial apicid	: 4
fpu		: yes
fpu_exception	: yes
cpuid level	: 13
wp		: yes
flags		: fpu vme de pse tsc msr pae mce cx8 apic sep mtrr pge mca cmov pat pse36 clflush dts acpi mmx fxsr sse sse2 ss ht tm pbe syscall nx pdpe1gb rdtscp lm constant_tsc arch_perfmon pebs bts rep_good nopl xtopology nonstop_tsc aperfmperf eagerfpu pni pclmulqdq dtes64 monitor ds_cpl vmx smx est tm2 ssse3 sdbg fma cx16 xtpr pdcm pcid sse4_1 sse4_2 x2apic movbe popcnt tsc_deadline_timer aes xsave avx f16c rdrand lahf_lm abm tpr_shadow vnmi flexpriority ept vpid fsgsbase tsc_adjust bmi1 hle avx2 smep bmi2 erms invpcid rtm xsaveopt dtherm ida arat pln pts
bugs		:
bogomips	: 6602.29
clflush size	: 64
cache_alignment	: 64
address sizes	: 39 bits physical, 48 bits virtual
power management:

processor	: 3
vendor_id	: GenuineIntel
cpu family	: 6
model		: 60
model name	: Intel(R) Xeon(R) CPU E3-1230 v3 @ 3.30GHz
stepping	: 3
microcode	: 0x17
cpu MHz		: 3499.933
cache size	: 8192 KB
physical id	: 0
siblings	: 8
core id		: 3
cpu cores	: 4
apicid		: 6
initial apicid	: 6
fpu		: yes
fpu_exception	: yes
cpuid level	: 13
wp		: yes
flags		: fpu vme de pse tsc msr pae mce cx8 apic sep mtrr pge mca cmov pat pse36 clflush dts acpi mmx fxsr sse sse2 ss ht tm pbe syscall nx pdpe1gb rdtscp lm constant_tsc arch_perfmon pebs bts rep_good nopl xtopology nonstop_tsc aperfmperf eagerfpu pni pclmulqdq dtes64 monitor ds_cpl vmx smx est tm2 ssse3 sdbg fma cx16 xtpr pdcm pcid sse4_1 sse4_2 x2apic movbe popcnt tsc_deadline_timer aes xsave avx f16c rdrand lahf_lm abm tpr_shadow vnmi flexpriority ept vpid fsgsbase tsc_adjust bmi1 hle avx2 smep bmi2 erms invpcid rtm xsaveopt dtherm ida arat pln pts
bugs		:
bogomips	: 6602.29
clflush size	: 64
cache_alignment	: 64
address sizes	: 39 bits physical, 48 bits virtual
power management:

processor	: 4
vendor_id	: GenuineIntel
cpu family	: 6
model		: 60
model name	: Intel(R) Xeon(R) CPU E3-1230 v3 @ 3.30GHz
stepping	: 3
microcode	: 0x17
cpu MHz		: 3499.933
cache size	: 8192 KB
physical id	: 0
siblings	: 8
core id		: 0
cpu cores	: 4
apicid		: 1
initial apicid	: 1
fpu		: yes
fpu_exception	: yes
cpuid level	: 13
wp		: yes
flags		: fpu vme de pse tsc msr pae mce cx8 apic sep mtrr pge mca cmov pat pse36 clflush dts acpi mmx fxsr sse sse2 ss ht tm pbe syscall nx pdpe1gb rdtscp lm constant_tsc arch_perfmon pebs bts rep_good nopl xtopology nonstop_tsc aperfmperf eagerfpu pni pclmulqdq dtes64 monitor ds_cpl vmx smx est tm2 ssse3 sdbg fma cx16 xtpr pdcm pcid sse4_1 sse4_2 x2apic movbe popcnt tsc_deadline_timer aes xsave avx f16c rdrand lahf_lm abm tpr_shadow vnmi flexpriority ept vpid fsgsbase tsc_adjust bmi1 hle avx2 smep bmi2 erms invpcid rtm xsaveopt dtherm ida arat pln pts
bugs		:
bogomips	: 6602.29
clflush size	: 64
cache_alignment	: 64
address sizes	: 39 bits physical, 48 bits virtual
power management:

processor	: 5
vendor_id	: GenuineIntel
cpu family	: 6
model		: 60
model name	: Intel(R) Xeon(R) CPU E3-1230 v3 @ 3.30GHz
stepping	: 3
microcode	: 0x17
cpu MHz		: 3499.933
cache size	: 8192 KB
physical id	: 0
siblings	: 8
core id		: 1
cpu cores	: 4
apicid		: 3
initial apicid	: 3
fpu		: yes
fpu_exception	: yes
cpuid level	: 13
wp		: yes
flags		: fpu vme de pse tsc msr pae mce cx8 apic sep mtrr pge mca cmov pat pse36 clflush dts acpi mmx fxsr sse sse2 ss ht tm pbe syscall nx pdpe1gb rdtscp lm constant_tsc arch_perfmon pebs bts rep_good nopl xtopology nonstop_tsc aperfmperf eagerfpu pni pclmulqdq dtes64 monitor ds_cpl vmx smx est tm2 ssse3 sdbg fma cx16 xtpr pdcm pcid sse4_1 sse4_2 x2apic movbe popcnt tsc_deadline_timer aes xsave avx f16c rdrand lahf_lm abm tpr_shadow vnmi flexpriority ept vpid fsgsbase tsc_adjust bmi1 hle avx2 smep bmi2 erms invpcid rtm xsaveopt dtherm ida arat pln pts
bugs		:
bogomips	: 6602.29
clflush size	: 64
cache_alignment	: 64
address sizes	: 39 bits physical, 48 bits virtual
power management:

processor	: 6
vendor_id	: GenuineIntel
cpu family	: 6
model		: 60
model name	: Intel(R) Xeon(R) CPU E3-1230 v3 @ 3.30GHz
stepping	: 3
microcode	: 0x17
cpu MHz		: 3499.933
cache size	: 8192 KB
physical id	: 0
siblings	: 8
core id		: 2
cpu cores	: 4
apicid		: 5
initial apicid	: 5
fpu		: yes
fpu_exception	: yes
cpuid level	: 13
wp		: yes
flags		: fpu vme de pse tsc msr pae mce cx8 apic sep mtrr pge mca cmov pat pse36 clflush dts acpi mmx fxsr sse sse2 ss ht tm pbe syscall nx pdpe1gb rdtscp lm constant_tsc arch_perfmon pebs bts rep_good nopl xtopology nonstop_tsc aperfmperf eagerfpu pni pclmulqdq dtes64 monitor ds_cpl vmx smx est tm2 ssse3 sdbg fma cx16 xtpr pdcm pcid sse4_1 sse4_2 x2apic movbe popcnt tsc_deadline_timer aes xsave avx f16c rdrand lahf_lm abm tpr_shadow vnmi flexpriority ept vpid fsgsbase tsc_adjust bmi1 hle avx2 smep bmi2 erms invpcid rtm xsaveopt dtherm ida arat pln pts
bugs		:
bogomips	: 6602.29
clflush size	: 64
cache_alignment	: 64
address sizes	: 39 bits physical, 48 bits virtual
power management:

processor	: 7
vendor_id	: GenuineIntel
cpu family	: 6
model		: 60
model name	: Intel(R) Xeon(R) CPU E3-1230 v3 @ 3.30GHz
stepping	: 3
microcode	: 0x17
cpu MHz		: 3499.933
cache size	: 8192 KB
physical id	: 0
siblings	: 8
core id		: 3
cpu cores	: 4
apicid		: 7
initial apicid	: 7
fpu		: yes
fpu_exception	: yes
cpuid level	: 13
wp		: yes
flags		: fpu vme de pse tsc msr pae mce cx8 apic sep mtrr pge mca cmov pat pse36 clflush dts acpi mmx fxsr sse sse2 ss ht tm pbe syscall nx pdpe1gb rdtscp lm constant_tsc arch_perfmon pebs bts rep_good nopl xtopology nonstop_tsc aperfmperf eagerfpu pni pclmulqdq dtes64 monitor ds_cpl vmx smx est tm2 ssse3 sdbg fma cx16 xtpr pdcm pcid sse4_1 sse4_2 x2apic movbe popcnt tsc_deadline_timer aes xsave avx f16c rdrand lahf_lm abm tpr_shadow vnmi flexpriority ept vpid fsgsbase tsc_adjust bmi1 hle avx2 smep bmi2 erms invpcid rtm xsaveopt dtherm ida arat pln pts
bugs		:
bogomips	: 6602.29
clflush size	: 64
cache_alignment	: 64
address sizes	: 39 bits physical, 48 bits virtual
power management:



Memory: 4k page, physical 8048296k(1931392k free), swap 0k(0k free)

vm_info: OpenJDK 64-Bit Server VM (25.92-b14) for linux-amd64 JRE (1.8.0_92-b14), built on Apr 24 2016 15:02:36 by "builduser" with gcc 5.3.0

time: Sun May 22 14:15:07 2016
elapsed time: 10 seconds (0d 0h 0m 10s)

