#
# A fatal error has been detected by the Java Runtime Environment:
#
#  SIGSEGV (0xb) at pc=0x00007f087a293771, pid=18597, tid=0x00007f0864bfb700
#
# JRE version: OpenJDK Runtime Environment (8.0_92-b14) (build 1.8.0_92-b14)
# Java VM: OpenJDK 64-Bit Server VM (25.92-b14 mixed mode linux-amd64 compressed oops)
# Problematic frame:
# V  [libjvm.so+0x622771]
#
# Core dump written. Default location: /home/zenon/Documents/uni/2016SS/algodat/ad1/core or core.18597
#
# If you would like to submit a bug report, please visit:
#   http://bugreport.java.com/bugreport/crash.jsp
#

---------------  T H R E A D  ---------------

Current thread (0x00007f0874029800):  GCTaskThread [stack: 0x00007f0864afb000,0x00007f0864bfc000] [id=18615]

siginfo: si_signo: 11 (SIGSEGV), si_code: 1 (SEGV_MAPERR), si_addr: 0x0000000003280298

Registers:
RAX=0x00007f087ab6dd20, RBX=0x00007f0874162ff0, RCX=0x0000000000000003, RDX=0x00007f0840290000
RSP=0x00007f0864bfab70, RBP=0x00007f0864bfabe0, RSI=0x0000000003280290, RDI=0x0000000085209870
R8 =0x00007f087ab95540, R9 =0x0000000085209870, R10=0x0000000000000014, R11=0x0080000000000000
R12=0x00000000ae6b8bd0, R13=0x0000000100017450, R14=0x00000000ae6b8bcc, R15=0x0000000085209870
RIP=0x00007f087a293771, EFLAGS=0x0000000000010206, CSGSFS=0x0000000000000033, ERR=0x0000000000000004
  TRAPNO=0x000000000000000e

Top of Stack: (sp=0x00007f0864bfab70)
0x00007f0864bfab70:   00007f0864bfabe0 00007f087a28e277
0x00007f0864bfab80:   00007f0864bfac20 00007f0874163030
0x00007f0864bfab90:   00000000ae6b8bb8 0000000100017458
0x00007f0864bfaba0:   00007f087ab95540 0000000000000003
0x00007f0864bfabb0:   00007f087ab95540 00007f087ab91848
0x00007f0864bfabc0:   00000000b180dd78 00007f0874162ff0
0x00007f0864bfabd0:   0000000000000001 00007f0874162ff0
0x00007f0864bfabe0:   00007f0864bface0 00007f087a577aef
0x00007f0864bfabf0:   0000000000000001 00007f087ab91848
0x00007f0864bfac00:   00007f0874163080 000000000002c000
0x00007f0864bfac10:   0000000000128bff 00007f0874163000
0x00007f0864bfac20:   0000000000000006 00007f087ab8bc29
0x00007f0864bfac30:   00000000b175dd68 00000000b180dd78
0x00007f0864bfac40:   00007f0874163080 00000000ae6b8bb8
0x00007f0864bfac50:   00000000b175dd68 00007f080002be00
0x00007f0864bfac60:   00000000b175dd68 00007f080002c000
0x00007f0864bfac70:   000d72f200001ea7 0000000085254f08
0x00007f0864bfac80:   00007f0864bface0 00007f087a55d9d0
0x00007f0864bfac90:   000ec8bd000018e3 44f833f500000200
0x00007f0864bfaca0:   000ec8bd000018e4 44f833f5c9a32b00
0x00007f0864bfacb0:   04f90e5500014942 00000000b175ed78
0x00007f0864bfacc0:   0000000000000000 00007f0864bfad64
0x00007f0864bfacd0:   0000000000000006 00007f0864bfad68
0x00007f0864bface0:   00007f0864bfae00 00007f087a55d3d1
0x00007f0864bfacf0:   00007f0874054b70 00007f0874029d80
0x00007f0864bfad00:   00007f0864bfad68 00007f0864bfad64
0x00007f0864bfad10:   0000000674029d90 00007f0864bfad90
0x00007f0864bfad20:   0000000000000006 0000000000128bff
0x00007f0864bfad30:   0000000000000400 00007f087ab8bc29
0x00007f0864bfad40:   00007f0864bfad70 00000000b175dd68
0x00007f0864bfad50:   00007f081c476250 00007f0874162ff0
0x00007f0864bfad60:   665e7c5874162ff0 0000000000000000 

Instructions: (pc=0x00007f087a293771)
0x00007f087a293751:   8d 35 c6 55 47 00 bf 03 00 00 00 e8 9f b6 0f 00
0x00007f087a293761:   eb b5 e8 58 b3 bc ff 31 db e9 d1 fe ff ff 90 55
0x00007f087a293771:   8b 4e 08 48 89 f2 48 89 e5 83 f9 00 7e 11 f6 c1
0x00007f087a293781:   01 75 0e 89 c8 c1 f8 03 5d c3 0f 1f 44 00 00 75 

Register to memory mapping:

RAX=0x00007f087ab6dd20: <offset 0xefcd20> in /usr/lib/jvm/java-8-openjdk/jre/lib/amd64/server/libjvm.so at 0x00007f0879c71000
RBX=0x00007f0874162ff0 is an unknown value
RCX=0x0000000000000003 is an unknown value
RDX=0x00007f0840290000 is an unknown value
RSP=0x00007f0864bfab70 is an unknown value
RBP=0x00007f0864bfabe0 is an unknown value
RSI=0x0000000003280290 is an unknown value
RDI=0x0000000085209870 is pointing into object: 0x0000000085209860
[C 
 - klass: {type array char}
 - length: 10
R8 =0x00007f087ab95540: <offset 0xf24540> in /usr/lib/jvm/java-8-openjdk/jre/lib/amd64/server/libjvm.so at 0x00007f0879c71000
R9 =0x0000000085209870 is pointing into object: 0x0000000085209860
[C 
 - klass: {type array char}
 - length: 10
R10=0x0000000000000014 is an unknown value
R11=0x0080000000000000 is an unknown value
R12=0x00000000ae6b8bd0 is an oop
eu.nyerel.panda.agent.monitoring.MethodCall 
 - klass: 'eu/nyerel/panda/agent/monitoring/MethodCall'
R13=0x0000000100017450 is pointing into metadata
R14=0x00000000ae6b8bcc is pointing into object: 0x00000000ae6b8bb8
java.util.ArrayList 
 - klass: 'java/util/ArrayList'
R15=0x0000000085209870 is pointing into object: 0x0000000085209860
[C 
 - klass: {type array char}
 - length: 10


Stack: [0x00007f0864afb000,0x00007f0864bfc000],  sp=0x00007f0864bfab70,  free space=1022k
Native frames: (J=compiled Java code, j=interpreted, Vv=VM code, C=native code)
V  [libjvm.so+0x622771]
V  [libjvm.so+0x906aef]
V  [libjvm.so+0x8ec3d1]
V  [libjvm.so+0x5a3a42]
V  [libjvm.so+0x8a7902]


---------------  P R O C E S S  ---------------

Java Threads: ( => current thread )
  0x00007f082c003000 JavaThread "RMI TCP Connection(2)-127.0.0.1" daemon [_thread_blocked, id=18649, stack(0x00007f083cca8000,0x00007f083cda9000)]
  0x00007f0804051800 JavaThread "RMI Scheduler(0)" daemon [_thread_blocked, id=18648, stack(0x00007f083cda9000,0x00007f083ceaa000)]
  0x00007f082c001800 JavaThread "RMI TCP Connection(3)-127.0.0.1" daemon [_thread_blocked, id=18645, stack(0x00007f083ceaa000,0x00007f083cfab000)]
  0x00007f0874009800 JavaThread "DestroyJavaVM" [_thread_blocked, id=18600, stack(0x00007f087b882000,0x00007f087b983000)]
  0x00007f087438e800 JavaThread "Monitor Ctrl-Break" daemon [_thread_in_native, id=18640, stack(0x00007f083d1bc000,0x00007f083d2bd000)]
  0x00007f0874389800 JavaThread "Service Thread" daemon [_thread_blocked, id=18638, stack(0x00007f083d3be000,0x00007f083d4bf000)]
  0x00007f087434b000 JavaThread "C1 CompilerThread3" daemon [_thread_blocked, id=18637, stack(0x00007f083d4bf000,0x00007f083d5c0000)]
  0x00007f0874349000 JavaThread "C2 CompilerThread2" daemon [_thread_blocked, id=18636, stack(0x00007f083d5c0000,0x00007f083d6c1000)]
  0x00007f0874347000 JavaThread "C2 CompilerThread1" daemon [_thread_blocked, id=18635, stack(0x00007f083d6c1000,0x00007f083d7c2000)]
  0x00007f0874346000 JavaThread "C2 CompilerThread0" daemon [_thread_blocked, id=18634, stack(0x00007f083d7c2000,0x00007f083d8c3000)]
  0x00007f0874340000 JavaThread "GC Daemon" daemon [_thread_blocked, id=18633, stack(0x00007f083d8c3000,0x00007f083d9c4000)]
  0x00007f0874324000 JavaThread "RMI Reaper" [_thread_blocked, id=18632, stack(0x00007f083d9c4000,0x00007f083dac5000)]
  0x00007f087431d000 JavaThread "RMI TCP Accept-14864" daemon [_thread_in_native, id=18631, stack(0x00007f083dac5000,0x00007f083dbc6000)]
  0x00007f0874205800 JavaThread "Signal Dispatcher" daemon [_thread_blocked, id=18623, stack(0x00007f083dddd000,0x00007f083dede000)]
  0x00007f08741d3000 JavaThread "Finalizer" daemon [_thread_blocked, id=18622, stack(0x00007f083e076000,0x00007f083e177000)]
  0x00007f08741ce000 JavaThread "Reference Handler" daemon [_thread_blocked, id=18621, stack(0x00007f083e177000,0x00007f083e278000)]

Other Threads:
  0x00007f08741c6800 VMThread [stack: 0x00007f083e278000,0x00007f083e379000] [id=18619]
  0x00007f087438c000 WatcherThread [stack: 0x00007f083d2bd000,0x00007f083d3be000] [id=18639]

=>0x00007f0874029800 (exited) GCTaskThread [stack: 0x00007f0864afb000,0x00007f0864bfc000] [id=18615]

VM state:at safepoint (normal execution)

VM Mutex/Monitor currently owned by a thread:  ([mutex/lock_event])
[0x00007f0874007950] Threads_lock - owner thread: 0x00007f08741c6800
[0x00007f0874007e50] Heap_lock - owner thread: 0x00007f082c003000

Heap:
 PSYoungGen      total 38400K, used 23040K [0x00000000d7100000, 0x00000000e1900000, 0x0000000100000000)
  eden space 23040K, 100% used [0x00000000d7100000,0x00000000d8780000,0x00000000d8780000)
  from space 15360K, 0% used [0x00000000d8780000,0x00000000d8780000,0x00000000d9680000)
  to   space 72704K, 0% used [0x00000000dd200000,0x00000000dd200000,0x00000000e1900000)
 ParOldGen       total 1342464K, used 1342386K [0x0000000085200000, 0x00000000d7100000, 0x00000000d7100000)
  object space 1342464K, 99% used [0x0000000085200000,0x00000000d70ecaf8,0x00000000d7100000)
 Metaspace       used 8349K, capacity 8516K, committed 8704K, reserved 1056768K
  class space    used 926K, capacity 982K, committed 1024K, reserved 1048576K

Card table byte_map: [0x00007f087856d000,0x00007f0878945000] byte_map_base: 0x00007f0878144000

Marking Bits: (ParMarkBitMap*) 0x00007f087ab95540
 Begin Bits: [0x00007f0840290000, 0x00007f0842148000)
 End Bits:   [0x00007f0842148000, 0x00007f0844000000)

Polling page: 0x00007f087b9b8000

CodeCache: size=245760Kb used=3208Kb max_used=3223Kb free=242551Kb
 bounds [0x00007f0865000000, 0x00007f0865330000, 0x00007f0874000000]
 total_blobs=1110 nmethods=778 adapters=247
 compilation: enabled

Compilation events (10 events):
Event: 13.209 Thread 0x00007f087434b000 nmethod 786 0x00007f08651467d0 code [0x00007f0865146920, 0x00007f0865146a30]
Event: 13.209 Thread 0x00007f087434b000  787       1       eu.nyerel.panda.monitoringresult.calltree.CallTreeNodeDuration::getTotal (5 bytes)
Event: 13.209 Thread 0x00007f087434b000 nmethod 787 0x00007f0865146510 code [0x00007f0865146660, 0x00007f0865146770]
Event: 13.209 Thread 0x00007f0874346000  788       4       eu.nyerel.panda.agent.monitoringresult.calltree.CallTreeCreator::getCallTreeNodeChildren (61 bytes)
Event: 13.209 Thread 0x00007f0874347000  789       4       eu.nyerel.panda.agent.monitoringresult.calltree.CallTreeCreator::constructCallTreeNode (113 bytes)
Event: 13.212 Thread 0x00007f0874349000 nmethod 785 0x00007f0865126090 code [0x00007f0865126200, 0x00007f08651264f8]
Event: 13.212 Thread 0x00007f0874349000  790       4       eu.nyerel.panda.agent.monitoringresult.calltree.CallTreeCreator::getDuration (68 bytes)
Event: 13.246 Thread 0x00007f0874349000 nmethod 790 0x00007f0865122450 code [0x00007f0865122620, 0x00007f0865122d78]
Event: 13.362 Thread 0x00007f0874346000 nmethod 788 0x00007f086531dc10 code [0x00007f086531dfa0, 0x00007f0865321828]
Event: 14.331 Thread 0x00007f0874347000 nmethod 789 0x00007f0865327090 code [0x00007f0865327420, 0x00007f086532a308]

GC Heap History (10 events):
Event: 196.444 GC heap after
Heap after GC invocations=327 (full 214):
 PSYoungGen      total 38400K, used 23040K [0x00000000d7100000, 0x00000000e1900000, 0x0000000100000000)
  eden space 23040K, 100% used [0x00000000d7100000,0x00000000d8780000,0x00000000d8780000)
  from space 15360K, 0% used [0x00000000d8780000,0x00000000d8780000,0x00000000d9680000)
  to   space 72704K, 0% used [0x00000000dd200000,0x00000000dd200000,0x00000000e1900000)
 ParOldGen       total 1342464K, used 1342375K [0x0000000085200000, 0x00000000d7100000, 0x00000000d7100000)
  object space 1342464K, 99% used [0x0000000085200000,0x00000000d70e9ca8,0x00000000d7100000)
 Metaspace       used 8349K, capacity 8516K, committed 8704K, reserved 1056768K
  class space    used 926K, capacity 982K, committed 1024K, reserved 1048576K
}
Event: 196.444 GC heap before
{Heap before GC invocations=328 (full 215):
 PSYoungGen      total 38400K, used 23040K [0x00000000d7100000, 0x00000000e1900000, 0x0000000100000000)
  eden space 23040K, 100% used [0x00000000d7100000,0x00000000d8780000,0x00000000d8780000)
  from space 15360K, 0% used [0x00000000d8780000,0x00000000d8780000,0x00000000d9680000)
  to   space 72704K, 0% used [0x00000000dd200000,0x00000000dd200000,0x00000000e1900000)
 ParOldGen       total 1342464K, used 1342377K [0x0000000085200000, 0x00000000d7100000, 0x00000000d7100000)
  object space 1342464K, 99% used [0x0000000085200000,0x00000000d70ea608,0x00000000d7100000)
 Metaspace       used 8349K, capacity 8516K, committed 8704K, reserved 1056768K
  class space    used 926K, capacity 982K, committed 1024K, reserved 1048576K
Event: 197.216 GC heap after
Heap after GC invocations=328 (full 215):
 PSYoungGen      total 38400K, used 23040K [0x00000000d7100000, 0x00000000e1900000, 0x0000000100000000)
  eden space 23040K, 100% used [0x00000000d7100000,0x00000000d8780000,0x00000000d8780000)
  from space 15360K, 0% used [0x00000000d8780000,0x00000000d8780000,0x00000000d9680000)
  to   space 72704K, 0% used [0x00000000dd200000,0x00000000dd200000,0x00000000e1900000)
 ParOldGen       total 1342464K, used 1342377K [0x0000000085200000, 0x00000000d7100000, 0x00000000d7100000)
  object space 1342464K, 99% used [0x0000000085200000,0x00000000d70ea5e0,0x00000000d7100000)
 Metaspace       used 8349K, capacity 8516K, committed 8704K, reserved 1056768K
  class space    used 926K, capacity 982K, committed 1024K, reserved 1048576K
}
Event: 197.216 GC heap before
{Heap before GC invocations=329 (full 216):
 PSYoungGen      total 38400K, used 23040K [0x00000000d7100000, 0x00000000e1900000, 0x0000000100000000)
  eden space 23040K, 100% used [0x00000000d7100000,0x00000000d8780000,0x00000000d8780000)
  from space 15360K, 0% used [0x00000000d8780000,0x00000000d8780000,0x00000000d9680000)
  to   space 72704K, 0% used [0x00000000dd200000,0x00000000dd200000,0x00000000e1900000)
 ParOldGen       total 1342464K, used 1342379K [0x0000000085200000, 0x00000000d7100000, 0x00000000d7100000)
  object space 1342464K, 99% used [0x0000000085200000,0x00000000d70eaf28,0x00000000d7100000)
 Metaspace       used 8349K, capacity 8516K, committed 8704K, reserved 1056768K
  class space    used 926K, capacity 982K, committed 1024K, reserved 1048576K
Event: 197.917 GC heap after
Heap after GC invocations=329 (full 216):
 PSYoungGen      total 38400K, used 23040K [0x00000000d7100000, 0x00000000e1900000, 0x0000000100000000)
  eden space 23040K, 100% used [0x00000000d7100000,0x00000000d8780000,0x00000000d8780000)
  from space 15360K, 0% used [0x00000000d8780000,0x00000000d8780000,0x00000000d9680000)
  to   space 72704K, 0% used [0x00000000dd200000,0x00000000dd200000,0x00000000e1900000)
 ParOldGen       total 1342464K, used 1342379K [0x0000000085200000, 0x00000000d7100000, 0x00000000d7100000)
  object space 1342464K, 99% used [0x0000000085200000,0x00000000d70eaf28,0x00000000d7100000)
 Metaspace       used 8349K, capacity 8516K, committed 8704K, reserved 1056768K
  class space    used 926K, capacity 982K, committed 1024K, reserved 1048576K
}
Event: 197.917 GC heap before
{Heap before GC invocations=330 (full 217):
 PSYoungGen      total 38400K, used 23040K [0x00000000d7100000, 0x00000000e1900000, 0x0000000100000000)
  eden space 23040K, 100% used [0x00000000d7100000,0x00000000d8780000,0x00000000d8780000)
  from space 15360K, 0% used [0x00000000d8780000,0x00000000d8780000,0x00000000d9680000)
  to   space 72704K, 0% used [0x00000000dd200000,0x00000000dd200000,0x00000000e1900000)
 ParOldGen       total 1342464K, used 1342382K [0x0000000085200000, 0x00000000d7100000, 0x00000000d7100000)
  object space 1342464K, 99% used [0x0000000085200000,0x00000000d70eb880,0x00000000d7100000)
 Metaspace       used 8349K, capacity 8516K, committed 8704K, reserved 1056768K
  class space    used 926K, capacity 982K, committed 1024K, reserved 1048576K
Event: 198.755 GC heap after
Heap after GC invocations=330 (full 217):
 PSYoungGen      total 38400K, used 23040K [0x00000000d7100000, 0x00000000e1900000, 0x0000000100000000)
  eden space 23040K, 100% used [0x00000000d7100000,0x00000000d8780000,0x00000000d8780000)
  from space 15360K, 0% used [0x00000000d8780000,0x00000000d8780000,0x00000000d9680000)
  to   space 72704K, 0% used [0x00000000dd200000,0x00000000dd200000,0x00000000e1900000)
 ParOldGen       total 1342464K, used 1342382K [0x0000000085200000, 0x00000000d7100000, 0x00000000d7100000)
  object space 1342464K, 99% used [0x0000000085200000,0x00000000d70eb860,0x00000000d7100000)
 Metaspace       used 8349K, capacity 8516K, committed 8704K, reserved 1056768K
  class space    used 926K, capacity 982K, committed 1024K, reserved 1048576K
}
Event: 198.755 GC heap before
{Heap before GC invocations=331 (full 218):
 PSYoungGen      total 38400K, used 23040K [0x00000000d7100000, 0x00000000e1900000, 0x0000000100000000)
  eden space 23040K, 100% used [0x00000000d7100000,0x00000000d8780000,0x00000000d8780000)
  from space 15360K, 0% used [0x00000000d8780000,0x00000000d8780000,0x00000000d9680000)
  to   space 72704K, 0% used [0x00000000dd200000,0x00000000dd200000,0x00000000e1900000)
 ParOldGen       total 1342464K, used 1342384K [0x0000000085200000, 0x00000000d7100000, 0x00000000d7100000)
  object space 1342464K, 99% used [0x0000000085200000,0x00000000d70ec1b0,0x00000000d7100000)
 Metaspace       used 8349K, capacity 8516K, committed 8704K, reserved 1056768K
  class space    used 926K, capacity 982K, committed 1024K, reserved 1048576K
Event: 200.944 GC heap after
Heap after GC invocations=331 (full 218):
 PSYoungGen      total 38400K, used 23040K [0x00000000d7100000, 0x00000000e1900000, 0x0000000100000000)
  eden space 23040K, 100% used [0x00000000d7100000,0x00000000d8780000,0x00000000d8780000)
  from space 15360K, 0% used [0x00000000d8780000,0x00000000d8780000,0x00000000d9680000)
  to   space 72704K, 0% used [0x00000000dd200000,0x00000000dd200000,0x00000000e1900000)
 ParOldGen       total 1342464K, used 1342384K [0x0000000085200000, 0x00000000d7100000, 0x00000000d7100000)
  object space 1342464K, 99% used [0x0000000085200000,0x00000000d70ec180,0x00000000d7100000)
 Metaspace       used 8349K, capacity 8516K, committed 8704K, reserved 1056768K
  class space    used 926K, capacity 982K, committed 1024K, reserved 1048576K
}
Event: 200.944 GC heap before
{Heap before GC invocations=332 (full 219):
 PSYoungGen      total 38400K, used 23040K [0x00000000d7100000, 0x00000000e1900000, 0x0000000100000000)
  eden space 23040K, 100% used [0x00000000d7100000,0x00000000d8780000,0x00000000d8780000)
  from space 15360K, 0% used [0x00000000d8780000,0x00000000d8780000,0x00000000d9680000)
  to   space 72704K, 0% used [0x00000000dd200000,0x00000000dd200000,0x00000000e1900000)
 ParOldGen       total 1342464K, used 1342386K [0x0000000085200000, 0x00000000d7100000, 0x00000000d7100000)
  object space 1342464K, 99% used [0x0000000085200000,0x00000000d70ecaf8,0x00000000d7100000)
 Metaspace       used 8349K, capacity 8516K, committed 8704K, reserved 1056768K
  class space    used 926K, capacity 982K, committed 1024K, reserved 1048576K

Deoptimization events (10 events):
Event: 7.893 Thread 0x00007f0874009800 Uncommon trap: reason=unstable_if action=reinterpret pc=0x00007f086514bacc method=java.util.regex.Pattern$Slice.match(Ljava/util/regex/Matcher;ILjava/lang/CharSequence;)Z @ 29
Event: 8.336 Thread 0x00007f0874009800 Uncommon trap: reason=unstable_if action=reinterpret pc=0x00007f08652bdba8 method=java.util.Arrays.fill([II)V @ 7
Event: 9.939 Thread 0x00007f0874009800 Uncommon trap: reason=unstable_if action=reinterpret pc=0x00007f08652d38f4 method=ad1.ss16.pa.Network.__criticalNodes__$PANDA_monitored()Ljava/util/List; @ 160
Event: 11.684 Thread 0x00007f082c001800 Uncommon trap: reason=unstable_if action=reinterpret pc=0x00007f0865220e94 method=java.util.HashMap.resize()[Ljava/util/HashMap$Node; @ 68
Event: 11.722 Thread 0x00007f082c003000 Uncommon trap: reason=unstable_if action=reinterpret pc=0x00007f0865301eb0 method=eu.nyerel.panda.agent.monitoring.MonitoredEvent.getChildrenDuration()J @ 18
Event: 11.743 Thread 0x00007f082c003000 Uncommon trap: reason=unstable_if action=reinterpret pc=0x00007f086530fabc method=eu.nyerel.panda.agent.monitoringresult.calltree.CallTreeCreator.getCallTreeNodeChildren(Leu/nyerel/panda/agent/monitoring/MonitoredEvent;J)Ljava/util/ArrayList; @ 27
Event: 13.183 Thread 0x00007f082c003000 Uncommon trap: reason=unstable_if action=reinterpret pc=0x00007f0865118bf8 method=eu.nyerel.panda.agent.monitoringresult.calltree.CallTreeCreator.constructCallTreeNode(Leu/nyerel/panda/agent/monitoring/MonitoredEvent;J)Leu/nyerel/panda/monitoringresult/ca
Event: 13.197 Thread 0x00007f082c003000 Uncommon trap: reason=unstable_if action=reinterpret pc=0x00007f08653142fc method=eu.nyerel.panda.agent.monitoringresult.calltree.CallTreeCreator.getDuration(Leu/nyerel/panda/agent/monitoring/MonitoredEvent;J)Leu/nyerel/panda/monitoringresult/calltree/Cal
Event: 13.197 Thread 0x00007f082c003000 Uncommon trap: reason=unstable_if action=reinterpret pc=0x00007f086530c0a0 method=eu.nyerel.panda.agent.monitoringresult.calltree.CallTreeCreator.getCallTreeNodeChildren(Leu/nyerel/panda/agent/monitoring/MonitoredEvent;J)Ljava/util/ArrayList; @ 27
Event: 13.197 Thread 0x00007f082c003000 Uncommon trap: reason=unstable_if action=reinterpret pc=0x00007f086530ecc0 method=eu.nyerel.panda.agent.monitoringresult.calltree.CallTreeCreator.getDuration(Leu/nyerel/panda/agent/monitoring/MonitoredEvent;J)Leu/nyerel/panda/monitoringresult/calltree/Cal

Internal exceptions (10 events):
Event: 0.065 Thread 0x00007f0874009800 Exception <a 'java/security/PrivilegedActionException'> (0x00000000d7267d30) thrown at [/build/java8-openjdk/src/jdk8u-jdk8u92-b14/hotspot/src/share/vm/prims/jvm.cpp, line 1386]
Event: 0.247 Thread 0x00007f0874009800 Exception <a 'java/lang/NoSuchFieldError': method resolution failed> (0x00000000d738da38) thrown at [/build/java8-openjdk/src/jdk8u-jdk8u92-b14/hotspot/src/share/vm/prims/methodHandles.cpp, line 1146]
Event: 0.249 Thread 0x00007f0874009800 Exception <a 'java/lang/NoSuchFieldError': method resolution failed> (0x00000000d739b158) thrown at [/build/java8-openjdk/src/jdk8u-jdk8u92-b14/hotspot/src/share/vm/prims/methodHandles.cpp, line 1146]
Event: 0.756 Thread 0x00007f0874009800 Implicit null exception at 0x00007f08652297d4 to 0x00007f0865229949
Event: 1.752 Thread 0x00007f0874009800 Implicit null exception at 0x00007f086524f0d8 to 0x00007f086525000d
Event: 1.769 Thread 0x00007f0874009800 Implicit null exception at 0x00007f086525560c to 0x00007f08652559f5
Event: 5.579 Thread 0x00007f0874009800 Implicit null exception at 0x00007f086528c5c8 to 0x00007f086528c895
Event: 5.871 Thread 0x00007f0874009800 Implicit null exception at 0x00007f0865299f37 to 0x00007f086529a1f1
Event: 9.939 Thread 0x00007f0874009800 Implicit null exception at 0x00007f08652d2a46 to 0x00007f08652d38d9
Event: 11.705 Thread 0x00007f082c003000 Exception <a 'java/lang/NoSuchMethodError': <clinit>> (0x00000000d7bad950) thrown at [/build/java8-openjdk/src/jdk8u-jdk8u92-b14/hotspot/src/share/vm/prims/jni.cpp, line 1613]

Events (10 events):
Event: 196.444 Executing VM operation: ParallelGCFailedAllocation done
Event: 196.444 Executing VM operation: ParallelGCFailedAllocation
Event: 197.216 Executing VM operation: ParallelGCFailedAllocation done
Event: 197.216 Executing VM operation: ParallelGCFailedAllocation
Event: 197.917 Executing VM operation: ParallelGCFailedAllocation done
Event: 197.917 Executing VM operation: ParallelGCFailedAllocation
Event: 198.755 Executing VM operation: ParallelGCFailedAllocation done
Event: 198.755 Executing VM operation: ParallelGCFailedAllocation
Event: 200.944 Executing VM operation: ParallelGCFailedAllocation done
Event: 200.944 Executing VM operation: ParallelGCFailedAllocation


Dynamic libraries:
00400000-00401000 r-xp 00000000 08:12 14036665                           /usr/lib/jvm/java-8-openjdk/jre/bin/java
00600000-00601000 rw-p 00000000 08:12 14036665                           /usr/lib/jvm/java-8-openjdk/jre/bin/java
014f8000-01519000 rw-p 00000000 00:00 0                                  [heap]
85200000-d7100000 rw-p 00000000 00:00 0 
d7100000-e1900000 rw-p 00000000 00:00 0 
e1900000-100000000 ---p 00000000 00:00 0 
100000000-100100000 rw-p 00000000 00:00 0 
100100000-140000000 ---p 00000000 00:00 0 
7f07f8000000-7f07f8021000 rw-p 00000000 00:00 0 
7f07f8021000-7f07fc000000 ---p 00000000 00:00 0 
7f07fc000000-7f07fc021000 rw-p 00000000 00:00 0 
7f07fc021000-7f0800000000 ---p 00000000 00:00 0 
7f0800000000-7f0800021000 rw-p 00000000 00:00 0 
7f0800021000-7f0804000000 ---p 00000000 00:00 0 
7f0804000000-7f0804056000 rw-p 00000000 00:00 0 
7f0804056000-7f0808000000 ---p 00000000 00:00 0 
7f0808000000-7f0808021000 rw-p 00000000 00:00 0 
7f0808021000-7f080c000000 ---p 00000000 00:00 0 
7f080c000000-7f080c021000 rw-p 00000000 00:00 0 
7f080c021000-7f0810000000 ---p 00000000 00:00 0 
7f0810000000-7f081069d000 rw-p 00000000 00:00 0 
7f081069d000-7f0814000000 ---p 00000000 00:00 0 
7f0814000000-7f0814155000 rw-p 00000000 00:00 0 
7f0814155000-7f0818000000 ---p 00000000 00:00 0 
7f0818000000-7f081855e000 rw-p 00000000 00:00 0 
7f081855e000-7f081c000000 ---p 00000000 00:00 0 
7f081c000000-7f081c668000 rw-p 00000000 00:00 0 
7f081c668000-7f0820000000 ---p 00000000 00:00 0 
7f0820000000-7f0820021000 rw-p 00000000 00:00 0 
7f0820021000-7f0824000000 ---p 00000000 00:00 0 
7f0824000000-7f0824021000 rw-p 00000000 00:00 0 
7f0824021000-7f0828000000 ---p 00000000 00:00 0 
7f0828000000-7f0828021000 rw-p 00000000 00:00 0 
7f0828021000-7f082c000000 ---p 00000000 00:00 0 
7f082c000000-7f082c021000 rw-p 00000000 00:00 0 
7f082c021000-7f0830000000 ---p 00000000 00:00 0 
7f0830000000-7f0830021000 rw-p 00000000 00:00 0 
7f0830021000-7f0834000000 ---p 00000000 00:00 0 
7f0834000000-7f0834021000 rw-p 00000000 00:00 0 
7f0834021000-7f0838000000 ---p 00000000 00:00 0 
7f0838000000-7f0838021000 rw-p 00000000 00:00 0 
7f0838021000-7f083c000000 ---p 00000000 00:00 0 
7f083cca8000-7f083ccab000 ---p 00000000 00:00 0 
7f083ccab000-7f083cda9000 rw-p 00000000 00:00 0 
7f083cda9000-7f083cdac000 ---p 00000000 00:00 0 
7f083cdac000-7f083ceaa000 rw-p 00000000 00:00 0 
7f083ceaa000-7f083cead000 ---p 00000000 00:00 0 
7f083cead000-7f083cfab000 rw-p 00000000 00:00 0 
7f083cfab000-7f083cfbc000 r-xp 00000000 08:12 14435558                   /usr/lib/jvm/java-8-openjdk/jre/lib/amd64/libnio.so
7f083cfbc000-7f083d1bb000 ---p 00011000 08:12 14435558                   /usr/lib/jvm/java-8-openjdk/jre/lib/amd64/libnio.so
7f083d1bb000-7f083d1bc000 rw-p 00010000 08:12 14435558                   /usr/lib/jvm/java-8-openjdk/jre/lib/amd64/libnio.so
7f083d1bc000-7f083d1bf000 ---p 00000000 00:00 0 
7f083d1bf000-7f083d2bd000 rw-p 00000000 00:00 0 
7f083d2bd000-7f083d2be000 ---p 00000000 00:00 0 
7f083d2be000-7f083d3be000 rw-p 00000000 00:00 0 
7f083d3be000-7f083d3c1000 ---p 00000000 00:00 0 
7f083d3c1000-7f083d4bf000 rw-p 00000000 00:00 0 
7f083d4bf000-7f083d4c2000 ---p 00000000 00:00 0 
7f083d4c2000-7f083d5c0000 rw-p 00000000 00:00 0 
7f083d5c0000-7f083d5c3000 ---p 00000000 00:00 0 
7f083d5c3000-7f083d6c1000 rw-p 00000000 00:00 0 
7f083d6c1000-7f083d6c4000 ---p 00000000 00:00 0 
7f083d6c4000-7f083d7c2000 rw-p 00000000 00:00 0 
7f083d7c2000-7f083d7c5000 ---p 00000000 00:00 0 
7f083d7c5000-7f083d8c3000 rw-p 00000000 00:00 0 
7f083d8c3000-7f083d8c6000 ---p 00000000 00:00 0 
7f083d8c6000-7f083d9c4000 rw-p 00000000 00:00 0 
7f083d9c4000-7f083d9c7000 ---p 00000000 00:00 0 
7f083d9c7000-7f083dac5000 rw-p 00000000 00:00 0 
7f083dac5000-7f083dac8000 ---p 00000000 00:00 0 
7f083dac8000-7f083dbc6000 rw-p 00000000 00:00 0 
7f083dbc6000-7f083dbdc000 r-xp 00000000 08:12 14435547                   /usr/lib/jvm/java-8-openjdk/jre/lib/amd64/libnet.so
7f083dbdc000-7f083dddc000 ---p 00016000 08:12 14435547                   /usr/lib/jvm/java-8-openjdk/jre/lib/amd64/libnet.so
7f083dddc000-7f083dddd000 rw-p 00016000 08:12 14435547                   /usr/lib/jvm/java-8-openjdk/jre/lib/amd64/libnet.so
7f083dddd000-7f083dde0000 ---p 00000000 00:00 0 
7f083dde0000-7f083dede000 rw-p 00000000 00:00 0 
7f083dede000-7f083e076000 r--p 00000000 08:12 13521119                   /usr/lib/locale/locale-archive
7f083e076000-7f083e079000 ---p 00000000 00:00 0 
7f083e079000-7f083e177000 rw-p 00000000 00:00 0 
7f083e177000-7f083e17a000 ---p 00000000 00:00 0 
7f083e17a000-7f083e278000 rw-p 00000000 00:00 0 
7f083e278000-7f083e279000 ---p 00000000 00:00 0 
7f083e279000-7f0840210000 rw-p 00000000 00:00 0 
7f0840210000-7f0840290000 ---p 00000000 00:00 0 
7f0840290000-7f0844000000 rw-p 00000000 00:00 0 
7f0844000000-7f084406b000 rw-p 00000000 00:00 0 
7f084406b000-7f0848000000 ---p 00000000 00:00 0 
7f0848000000-7f08480d0000 rw-p 00000000 00:00 0 
7f08480d0000-7f084c000000 ---p 00000000 00:00 0 
7f084c000000-7f084c3e6000 rw-p 00000000 00:00 0 
7f084c3e6000-7f0850000000 ---p 00000000 00:00 0 
7f0850000000-7f0850068000 rw-p 00000000 00:00 0 
7f0850068000-7f0854000000 ---p 00000000 00:00 0 
7f0854000000-7f0854209000 rw-p 00000000 00:00 0 
7f0854209000-7f0858000000 ---p 00000000 00:00 0 
7f0858000000-7f0858071000 rw-p 00000000 00:00 0 
7f0858071000-7f085c000000 ---p 00000000 00:00 0 
7f085c000000-7f085c519000 rw-p 00000000 00:00 0 
7f085c519000-7f0860000000 ---p 00000000 00:00 0 
7f0860000000-7f0860075000 rw-p 00000000 00:00 0 
7f0860075000-7f0864000000 ---p 00000000 00:00 0 
7f0864052000-7f0864456000 rw-p 00000000 00:00 0 
7f0864456000-7f0864623000 r--s 03bec000 08:12 14178993                   /usr/lib/jvm/java-8-openjdk/jre/lib/rt.jar
7f0864623000-7f08649fa000 rw-p 00000000 00:00 0 
7f08649fa000-7f08649fb000 ---p 00000000 00:00 0 
7f08649fb000-7f0864afb000 rw-p 00000000 00:00 0 
7f0864afb000-7f0864afc000 ---p 00000000 00:00 0 
7f0864afc000-7f0864bfc000 rw-p 00000000 00:00 0 
7f0864bfc000-7f0864bfd000 ---p 00000000 00:00 0 
7f0864bfd000-7f0864cfd000 rw-p 00000000 00:00 0 
7f0864cfd000-7f0864cfe000 ---p 00000000 00:00 0 
7f0864cfe000-7f0864dfe000 rw-p 00000000 00:00 0 
7f0864dfe000-7f0864dff000 ---p 00000000 00:00 0 
7f0864dff000-7f0864eff000 rw-p 00000000 00:00 0 
7f0864eff000-7f0864f00000 ---p 00000000 00:00 0 
7f0864f00000-7f0865000000 rw-p 00000000 00:00 0 
7f0865000000-7f0865330000 rwxp 00000000 00:00 0 
7f0865330000-7f0874000000 ---p 00000000 00:00 0 
7f0874000000-7f0874480000 rw-p 00000000 00:00 0 
7f0874480000-7f0878000000 ---p 00000000 00:00 0 
7f0878053000-7f0878057000 r--s 00097000 08:12 14178991                   /usr/lib/jvm/java-8-openjdk/jre/lib/jsse.jar
7f0878057000-7f0878063000 r--s 000bc000 00:22 167233                     /tmp/panda-agent.jar
7f0878063000-7f0878065000 r--s 0001e000 08:12 13644468                   /usr/share/intellijidea-ce/lib/idea_rt.jar
7f0878065000-7f08780db000 rw-p 00000000 00:00 0 
7f08780db000-7f08780dc000 ---p 00000000 00:00 0 
7f08780dc000-7f08781dc000 rw-p 00000000 00:00 0 
7f08781dc000-7f08781dd000 ---p 00000000 00:00 0 
7f08781dd000-7f087856d000 rw-p 00000000 00:00 0 
7f087856d000-7f08787fc000 rw-p 00000000 00:00 0 
7f08787fc000-7f0878851000 rw-p 00000000 00:00 0 
7f0878851000-7f0878944000 ---p 00000000 00:00 0 
7f0878944000-7f0878952000 rw-p 00000000 00:00 0 
7f0878952000-7f0878d05000 ---p 00000000 00:00 0 
7f0878d05000-7f0878d0d000 r-xp 00000000 08:12 14435545                   /usr/lib/jvm/java-8-openjdk/jre/lib/amd64/libzip.so
7f0878d0d000-7f0878f0c000 ---p 00008000 08:12 14435545                   /usr/lib/jvm/java-8-openjdk/jre/lib/amd64/libzip.so
7f0878f0c000-7f0878f0d000 rw-p 00007000 08:12 14435545                   /usr/lib/jvm/java-8-openjdk/jre/lib/amd64/libzip.so
7f0878f0d000-7f0878f18000 r-xp 00000000 08:12 13511571                   /usr/lib/libnss_files-2.23.so
7f0878f18000-7f0879117000 ---p 0000b000 08:12 13511571                   /usr/lib/libnss_files-2.23.so
7f0879117000-7f0879118000 r--p 0000a000 08:12 13511571                   /usr/lib/libnss_files-2.23.so
7f0879118000-7f0879119000 rw-p 0000b000 08:12 13511571                   /usr/lib/libnss_files-2.23.so
7f0879119000-7f087911f000 rw-p 00000000 00:00 0 
7f087911f000-7f0879129000 r-xp 00000000 08:12 14435550                   /usr/lib/jvm/java-8-openjdk/jre/lib/amd64/libinstrument.so
7f0879129000-7f0879328000 ---p 0000a000 08:12 14435550                   /usr/lib/jvm/java-8-openjdk/jre/lib/amd64/libinstrument.so
7f0879328000-7f0879329000 rw-p 00009000 08:12 14435550                   /usr/lib/jvm/java-8-openjdk/jre/lib/amd64/libinstrument.so
7f0879329000-7f0879355000 r-xp 00000000 08:12 14435544                   /usr/lib/jvm/java-8-openjdk/jre/lib/amd64/libjava.so
7f0879355000-7f0879555000 ---p 0002c000 08:12 14435544                   /usr/lib/jvm/java-8-openjdk/jre/lib/amd64/libjava.so
7f0879555000-7f0879557000 rw-p 0002c000 08:12 14435544                   /usr/lib/jvm/java-8-openjdk/jre/lib/amd64/libjava.so
7f0879557000-7f0879564000 r-xp 00000000 08:12 14435537                   /usr/lib/jvm/java-8-openjdk/jre/lib/amd64/libverify.so
7f0879564000-7f0879763000 ---p 0000d000 08:12 14435537                   /usr/lib/jvm/java-8-openjdk/jre/lib/amd64/libverify.so
7f0879763000-7f0879765000 rw-p 0000c000 08:12 14435537                   /usr/lib/jvm/java-8-openjdk/jre/lib/amd64/libverify.so
7f0879765000-7f087976c000 r-xp 00000000 08:12 13511585                   /usr/lib/librt-2.23.so
7f087976c000-7f087996b000 ---p 00007000 08:12 13511585                   /usr/lib/librt-2.23.so
7f087996b000-7f087996c000 r--p 00006000 08:12 13511585                   /usr/lib/librt-2.23.so
7f087996c000-7f087996d000 rw-p 00007000 08:12 13511585                   /usr/lib/librt-2.23.so
7f087996d000-7f0879a70000 r-xp 00000000 08:12 13511582                   /usr/lib/libm-2.23.so
7f0879a70000-7f0879c6f000 ---p 00103000 08:12 13511582                   /usr/lib/libm-2.23.so
7f0879c6f000-7f0879c70000 r--p 00102000 08:12 13511582                   /usr/lib/libm-2.23.so
7f0879c70000-7f0879c71000 rw-p 00103000 08:12 13511582                   /usr/lib/libm-2.23.so
7f0879c71000-7f087a8c6000 r-xp 00000000 08:12 14955253                   /usr/lib/jvm/java-8-openjdk/jre/lib/amd64/server/libjvm.so
7f087a8c6000-7f087aac6000 ---p 00c55000 08:12 14955253                   /usr/lib/jvm/java-8-openjdk/jre/lib/amd64/server/libjvm.so
7f087aac6000-7f087ab82000 rw-p 00c55000 08:12 14955253                   /usr/lib/jvm/java-8-openjdk/jre/lib/amd64/server/libjvm.so
7f087ab82000-7f087abb2000 rw-p 00000000 00:00 0 
7f087abb2000-7f087ad49000 r-xp 00000000 08:12 13510007                   /usr/lib/libc-2.23.so
7f087ad49000-7f087af49000 ---p 00197000 08:12 13510007                   /usr/lib/libc-2.23.so
7f087af49000-7f087af4d000 r--p 00197000 08:12 13510007                   /usr/lib/libc-2.23.so
7f087af4d000-7f087af4f000 rw-p 0019b000 08:12 13510007                   /usr/lib/libc-2.23.so
7f087af4f000-7f087af53000 rw-p 00000000 00:00 0 
7f087af53000-7f087af55000 r-xp 00000000 08:12 13511581                   /usr/lib/libdl-2.23.so
7f087af55000-7f087b155000 ---p 00002000 08:12 13511581                   /usr/lib/libdl-2.23.so
7f087b155000-7f087b156000 r--p 00002000 08:12 13511581                   /usr/lib/libdl-2.23.so
7f087b156000-7f087b157000 rw-p 00003000 08:12 13511581                   /usr/lib/libdl-2.23.so
7f087b157000-7f087b164000 r-xp 00000000 08:12 15101872                   /usr/lib/jvm/java-8-openjdk/jre/lib/amd64/jli/libjli.so
7f087b164000-7f087b363000 ---p 0000d000 08:12 15101872                   /usr/lib/jvm/java-8-openjdk/jre/lib/amd64/jli/libjli.so
7f087b363000-7f087b364000 rw-p 0000c000 08:12 15101872                   /usr/lib/jvm/java-8-openjdk/jre/lib/amd64/jli/libjli.so
7f087b364000-7f087b379000 r-xp 00000000 08:12 13511254                   /usr/lib/libz.so.1.2.8
7f087b379000-7f087b578000 ---p 00015000 08:12 13511254                   /usr/lib/libz.so.1.2.8
7f087b578000-7f087b579000 r--p 00014000 08:12 13511254                   /usr/lib/libz.so.1.2.8
7f087b579000-7f087b57a000 rw-p 00015000 08:12 13511254                   /usr/lib/libz.so.1.2.8
7f087b57a000-7f087b592000 r-xp 00000000 08:12 13509985                   /usr/lib/libpthread-2.23.so
7f087b592000-7f087b791000 ---p 00018000 08:12 13509985                   /usr/lib/libpthread-2.23.so
7f087b791000-7f087b792000 r--p 00017000 08:12 13509985                   /usr/lib/libpthread-2.23.so
7f087b792000-7f087b793000 rw-p 00018000 08:12 13509985                   /usr/lib/libpthread-2.23.so
7f087b793000-7f087b797000 rw-p 00000000 00:00 0 
7f087b797000-7f087b7ba000 r-xp 00000000 08:12 13510006                   /usr/lib/ld-2.23.so
7f087b7bb000-7f087b7ce000 r--s 00345000 08:12 14178992                   /usr/lib/jvm/java-8-openjdk/jre/lib/resources.jar
7f087b7ce000-7f087b7d2000 r--s 00097000 08:12 14178991                   /usr/lib/jvm/java-8-openjdk/jre/lib/jsse.jar
7f087b7d2000-7f087b7d5000 r--s 00015000 08:12 14178987                   /usr/lib/jvm/java-8-openjdk/jre/lib/jce.jar
7f087b7d5000-7f087b7da000 r--s 002f9000 08:12 14178990                   /usr/lib/jvm/java-8-openjdk/jre/lib/charsets.jar
7f087b7da000-7f087b882000 rw-p 00000000 00:00 0 
7f087b882000-7f087b885000 ---p 00000000 00:00 0 
7f087b885000-7f087b987000 rw-p 00000000 00:00 0 
7f087b987000-7f087b988000 r--s 00000000 08:12 14178988                   /usr/lib/jvm/java-8-openjdk/jre/lib/management-agent.jar
7f087b988000-7f087b9af000 rw-p 00000000 00:00 0 
7f087b9af000-7f087b9b7000 rw-s 00000000 00:22 239377                     /tmp/hsperfdata_zenon/18597
7f087b9b7000-7f087b9b8000 rw-p 00000000 00:00 0 
7f087b9b8000-7f087b9b9000 ---p 00000000 00:00 0 
7f087b9b9000-7f087b9ba000 rw-p 00000000 00:00 0 
7f087b9ba000-7f087b9bb000 r--p 00023000 08:12 13510006                   /usr/lib/ld-2.23.so
7f087b9bb000-7f087b9bc000 rw-p 00024000 08:12 13510006                   /usr/lib/ld-2.23.so
7f087b9bc000-7f087b9bd000 rw-p 00000000 00:00 0 
7ffe064ae000-7ffe064cf000 rw-p 00000000 00:00 0                          [stack]
7ffe064fc000-7ffe064ff000 r--p 00000000 00:00 0                          [vvar]
7ffe064ff000-7ffe06501000 r-xp 00000000 00:00 0                          [vdso]
ffffffffff600000-ffffffffff601000 r-xp 00000000 00:00 0                  [vsyscall]

VM Arguments:
jvm_args: -javaagent:/tmp/panda-agent.jar -Dpanda.monitored.classes=ad1.ss16.pa.Network -Didea.launcher.port=7551 -Didea.launcher.bin.path=/usr/share/intellijidea-ce/bin -Dfile.encoding=UTF-8 
java_command: com.intellij.rt.execution.application.AppMain ad1.ss16.pa.Tester
java_class_path (initial): /usr/lib/jvm/java-8-openjdk/jre/lib/charsets.jar:/usr/lib/jvm/java-8-openjdk/jre/lib/ext/cldrdata.jar:/usr/lib/jvm/java-8-openjdk/jre/lib/ext/dnsns.jar:/usr/lib/jvm/java-8-openjdk/jre/lib/ext/jaccess.jar:/usr/lib/jvm/java-8-openjdk/jre/lib/ext/localedata.jar:/usr/lib/jvm/java-8-openjdk/jre/lib/ext/nashorn.jar:/usr/lib/jvm/java-8-openjdk/jre/lib/ext/sunec.jar:/usr/lib/jvm/java-8-openjdk/jre/lib/ext/sunjce_provider.jar:/usr/lib/jvm/java-8-openjdk/jre/lib/ext/sunpkcs11.jar:/usr/lib/jvm/java-8-openjdk/jre/lib/ext/zipfs.jar:/usr/lib/jvm/java-8-openjdk/jre/lib/jce.jar:/usr/lib/jvm/java-8-openjdk/jre/lib/jsse.jar:/usr/lib/jvm/java-8-openjdk/jre/lib/management-agent.jar:/usr/lib/jvm/java-8-openjdk/jre/lib/resources.jar:/usr/lib/jvm/java-8-openjdk/jre/lib/rt.jar:/home/zenon/Documents/uni/2016SS/algodat/ad1/out/production/ad1:/usr/share/intellijidea-ce/lib/idea_rt.jar:/tmp/panda-agent.jar
Launcher Type: SUN_STANDARD

Environment Variables:
PATH=/usr/local/sbin:/usr/local/bin:/usr/bin:/usr/lib/jvm/default/bin:/usr/bin/site_perl:/usr/bin/vendor_perl:/usr/bin/core_perl
LD_LIBRARY_PATH=.:
SHELL=/usr/bin/zsh
DISPLAY=:0

Signal Handlers:
SIGSEGV: [libjvm.so+0xa5a220], sa_mask[0]=11111111011111111101111111111110, sa_flags=SA_RESTART|SA_SIGINFO
SIGBUS: [libjvm.so+0xa5a220], sa_mask[0]=11111111011111111101111111111110, sa_flags=SA_RESTART|SA_SIGINFO
SIGFPE: [libjvm.so+0x8a5a90], sa_mask[0]=11111111011111111101111111111110, sa_flags=SA_RESTART|SA_SIGINFO
SIGPIPE: [libjvm.so+0x8a5a90], sa_mask[0]=11111111011111111101111111111110, sa_flags=SA_RESTART|SA_SIGINFO
SIGXFSZ: [libjvm.so+0x8a5a90], sa_mask[0]=11111111011111111101111111111110, sa_flags=SA_RESTART|SA_SIGINFO
SIGILL: [libjvm.so+0x8a5a90], sa_mask[0]=11111111011111111101111111111110, sa_flags=SA_RESTART|SA_SIGINFO
SIGUSR1: SIG_DFL, sa_mask[0]=00000000000000000000000000000000, sa_flags=none
SIGUSR2: [libjvm.so+0x8a5940], sa_mask[0]=00100000000000000000000000000000, sa_flags=SA_RESTART|SA_SIGINFO
SIGHUP: [libjvm.so+0x8a5e10], sa_mask[0]=11111111011111111101111111111110, sa_flags=SA_RESTART|SA_SIGINFO
SIGINT: [libjvm.so+0x8a5e10], sa_mask[0]=11111111011111111101111111111110, sa_flags=SA_RESTART|SA_SIGINFO
SIGTERM: [libjvm.so+0x8a5e10], sa_mask[0]=11111111011111111101111111111110, sa_flags=SA_RESTART|SA_SIGINFO
SIGQUIT: [libjvm.so+0x8a5e10], sa_mask[0]=11111111011111111101111111111110, sa_flags=SA_RESTART|SA_SIGINFO


---------------  S Y S T E M  ---------------

OS:LSB_VERSION=1.4
DISTRIB_ID=Arch
DISTRIB_RELEASE=rolling
DISTRIB_DESCRIPTION="Arch Linux"

uname:Linux 4.5.4-1-ARCH #1 SMP PREEMPT Wed May 11 22:21:28 CEST 2016 x86_64
libc:glibc 2.23 NPTL 2.23 
rlimit: STACK 8192k, CORE infinity, NPROC 31417, NOFILE 4096, AS infinity
load average:8.05 4.30 2.09

/proc/meminfo:
MemTotal:        8048296 kB
MemFree:         2167052 kB
MemAvailable:    4742148 kB
Buffers:          158140 kB
Cached:          2582972 kB
SwapCached:            0 kB
Active:          3745312 kB
Inactive:        1768500 kB
Active(anon):    2775056 kB
Inactive(anon):    27852 kB
Active(file):     970256 kB
Inactive(file):  1740648 kB
Unevictable:           0 kB
Mlocked:               0 kB
SwapTotal:             0 kB
SwapFree:              0 kB
Dirty:               236 kB
Writeback:             0 kB
AnonPages:       2766748 kB
Mapped:           209412 kB
Shmem:             30164 kB
Slab:             199796 kB
SReclaimable:     167036 kB
SUnreclaim:        32760 kB
KernelStack:        4720 kB
PageTables:        13348 kB
NFS_Unstable:          0 kB
Bounce:                0 kB
WritebackTmp:          0 kB
CommitLimit:     4024148 kB
Committed_AS:    3176568 kB
VmallocTotal:   34359738367 kB
VmallocUsed:           0 kB
VmallocChunk:          0 kB
HardwareCorrupted:     0 kB
AnonHugePages:   2430976 kB
HugePages_Total:       0
HugePages_Free:        0
HugePages_Rsvd:        0
HugePages_Surp:        0
Hugepagesize:       2048 kB
DirectMap4k:      210524 kB
DirectMap2M:     6998016 kB
DirectMap1G:     2097152 kB


CPU:total 8 (4 cores per cpu, 2 threads per core) family 6 model 60 stepping 3, cmov, cx8, fxsr, mmx, sse, sse2, sse3, ssse3, sse4.1, sse4.2, popcnt, avx, avx2, aes, clmul, erms, rtm, lzcnt, ht, tsc, tscinvbit, bmi1, bmi2

/proc/cpuinfo:
processor	: 0
vendor_id	: GenuineIntel
cpu family	: 6
model		: 60
model name	: Intel(R) Xeon(R) CPU E3-1230 v3 @ 3.30GHz
stepping	: 3
microcode	: 0x17
cpu MHz		: 3499.933
cache size	: 8192 KB
physical id	: 0
siblings	: 8
core id		: 0
cpu cores	: 4
apicid		: 0
initial apicid	: 0
fpu		: yes
fpu_exception	: yes
cpuid level	: 13
wp		: yes
flags		: fpu vme de pse tsc msr pae mce cx8 apic sep mtrr pge mca cmov pat pse36 clflush dts acpi mmx fxsr sse sse2 ss ht tm pbe syscall nx pdpe1gb rdtscp lm constant_tsc arch_perfmon pebs bts rep_good nopl xtopology nonstop_tsc aperfmperf eagerfpu pni pclmulqdq dtes64 monitor ds_cpl vmx smx est tm2 ssse3 sdbg fma cx16 xtpr pdcm pcid sse4_1 sse4_2 x2apic movbe popcnt tsc_deadline_timer aes xsave avx f16c rdrand lahf_lm abm tpr_shadow vnmi flexpriority ept vpid fsgsbase tsc_adjust bmi1 hle avx2 smep bmi2 erms invpcid rtm xsaveopt dtherm ida arat pln pts
bugs		:
bogomips	: 6602.29
clflush size	: 64
cache_alignment	: 64
address sizes	: 39 bits physical, 48 bits virtual
power management:

processor	: 1
vendor_id	: GenuineIntel
cpu family	: 6
model		: 60
model name	: Intel(R) Xeon(R) CPU E3-1230 v3 @ 3.30GHz
stepping	: 3
microcode	: 0x17
cpu MHz		: 3499.933
cache size	: 8192 KB
physical id	: 0
siblings	: 8
core id		: 1
cpu cores	: 4
apicid		: 2
initial apicid	: 2
fpu		: yes
fpu_exception	: yes
cpuid level	: 13
wp		: yes
flags		: fpu vme de pse tsc msr pae mce cx8 apic sep mtrr pge mca cmov pat pse36 clflush dts acpi mmx fxsr sse sse2 ss ht tm pbe syscall nx pdpe1gb rdtscp lm constant_tsc arch_perfmon pebs bts rep_good nopl xtopology nonstop_tsc aperfmperf eagerfpu pni pclmulqdq dtes64 monitor ds_cpl vmx smx est tm2 ssse3 sdbg fma cx16 xtpr pdcm pcid sse4_1 sse4_2 x2apic movbe popcnt tsc_deadline_timer aes xsave avx f16c rdrand lahf_lm abm tpr_shadow vnmi flexpriority ept vpid fsgsbase tsc_adjust bmi1 hle avx2 smep bmi2 erms invpcid rtm xsaveopt dtherm ida arat pln pts
bugs		:
bogomips	: 6602.29
clflush size	: 64
cache_alignment	: 64
address sizes	: 39 bits physical, 48 bits virtual
power management:

processor	: 2
vendor_id	: GenuineIntel
cpu family	: 6
model		: 60
model name	: Intel(R) Xeon(R) CPU E3-1230 v3 @ 3.30GHz
stepping	: 3
microcode	: 0x17
cpu MHz		: 3499.933
cache size	: 8192 KB
physical id	: 0
siblings	: 8
core id		: 2
cpu cores	: 4
apicid		: 4
initial apicid	: 4
fpu		: yes
fpu_exception	: yes
cpuid level	: 13
wp		: yes
flags		: fpu vme de pse tsc msr pae mce cx8 apic sep mtrr pge mca cmov pat pse36 clflush dts acpi mmx fxsr sse sse2 ss ht tm pbe syscall nx pdpe1gb rdtscp lm constant_tsc arch_perfmon pebs bts rep_good nopl xtopology nonstop_tsc aperfmperf eagerfpu pni pclmulqdq dtes64 monitor ds_cpl vmx smx est tm2 ssse3 sdbg fma cx16 xtpr pdcm pcid sse4_1 sse4_2 x2apic movbe popcnt tsc_deadline_timer aes xsave avx f16c rdrand lahf_lm abm tpr_shadow vnmi flexpriority ept vpid fsgsbase tsc_adjust bmi1 hle avx2 smep bmi2 erms invpcid rtm xsaveopt dtherm ida arat pln pts
bugs		:
bogomips	: 6602.29
clflush size	: 64
cache_alignment	: 64
address sizes	: 39 bits physical, 48 bits virtual
power management:

processor	: 3
vendor_id	: GenuineIntel
cpu family	: 6
model		: 60
model name	: Intel(R) Xeon(R) CPU E3-1230 v3 @ 3.30GHz
stepping	: 3
microcode	: 0x17
cpu MHz		: 3499.933
cache size	: 8192 KB
physical id	: 0
siblings	: 8
core id		: 3
cpu cores	: 4
apicid		: 6
initial apicid	: 6
fpu		: yes
fpu_exception	: yes
cpuid level	: 13
wp		: yes
flags		: fpu vme de pse tsc msr pae mce cx8 apic sep mtrr pge mca cmov pat pse36 clflush dts acpi mmx fxsr sse sse2 ss ht tm pbe syscall nx pdpe1gb rdtscp lm constant_tsc arch_perfmon pebs bts rep_good nopl xtopology nonstop_tsc aperfmperf eagerfpu pni pclmulqdq dtes64 monitor ds_cpl vmx smx est tm2 ssse3 sdbg fma cx16 xtpr pdcm pcid sse4_1 sse4_2 x2apic movbe popcnt tsc_deadline_timer aes xsave avx f16c rdrand lahf_lm abm tpr_shadow vnmi flexpriority ept vpid fsgsbase tsc_adjust bmi1 hle avx2 smep bmi2 erms invpcid rtm xsaveopt dtherm ida arat pln pts
bugs		:
bogomips	: 6602.29
clflush size	: 64
cache_alignment	: 64
address sizes	: 39 bits physical, 48 bits virtual
power management:

processor	: 4
vendor_id	: GenuineIntel
cpu family	: 6
model		: 60
model name	: Intel(R) Xeon(R) CPU E3-1230 v3 @ 3.30GHz
stepping	: 3
microcode	: 0x17
cpu MHz		: 3499.933
cache size	: 8192 KB
physical id	: 0
siblings	: 8
core id		: 0
cpu cores	: 4
apicid		: 1
initial apicid	: 1
fpu		: yes
fpu_exception	: yes
cpuid level	: 13
wp		: yes
flags		: fpu vme de pse tsc msr pae mce cx8 apic sep mtrr pge mca cmov pat pse36 clflush dts acpi mmx fxsr sse sse2 ss ht tm pbe syscall nx pdpe1gb rdtscp lm constant_tsc arch_perfmon pebs bts rep_good nopl xtopology nonstop_tsc aperfmperf eagerfpu pni pclmulqdq dtes64 monitor ds_cpl vmx smx est tm2 ssse3 sdbg fma cx16 xtpr pdcm pcid sse4_1 sse4_2 x2apic movbe popcnt tsc_deadline_timer aes xsave avx f16c rdrand lahf_lm abm tpr_shadow vnmi flexpriority ept vpid fsgsbase tsc_adjust bmi1 hle avx2 smep bmi2 erms invpcid rtm xsaveopt dtherm ida arat pln pts
bugs		:
bogomips	: 6602.29
clflush size	: 64
cache_alignment	: 64
address sizes	: 39 bits physical, 48 bits virtual
power management:

processor	: 5
vendor_id	: GenuineIntel
cpu family	: 6
model		: 60
model name	: Intel(R) Xeon(R) CPU E3-1230 v3 @ 3.30GHz
stepping	: 3
microcode	: 0x17
cpu MHz		: 3499.933
cache size	: 8192 KB
physical id	: 0
siblings	: 8
core id		: 1
cpu cores	: 4
apicid		: 3
initial apicid	: 3
fpu		: yes
fpu_exception	: yes
cpuid level	: 13
wp		: yes
flags		: fpu vme de pse tsc msr pae mce cx8 apic sep mtrr pge mca cmov pat pse36 clflush dts acpi mmx fxsr sse sse2 ss ht tm pbe syscall nx pdpe1gb rdtscp lm constant_tsc arch_perfmon pebs bts rep_good nopl xtopology nonstop_tsc aperfmperf eagerfpu pni pclmulqdq dtes64 monitor ds_cpl vmx smx est tm2 ssse3 sdbg fma cx16 xtpr pdcm pcid sse4_1 sse4_2 x2apic movbe popcnt tsc_deadline_timer aes xsave avx f16c rdrand lahf_lm abm tpr_shadow vnmi flexpriority ept vpid fsgsbase tsc_adjust bmi1 hle avx2 smep bmi2 erms invpcid rtm xsaveopt dtherm ida arat pln pts
bugs		:
bogomips	: 6602.29
clflush size	: 64
cache_alignment	: 64
address sizes	: 39 bits physical, 48 bits virtual
power management:

processor	: 6
vendor_id	: GenuineIntel
cpu family	: 6
model		: 60
model name	: Intel(R) Xeon(R) CPU E3-1230 v3 @ 3.30GHz
stepping	: 3
microcode	: 0x17
cpu MHz		: 3499.933
cache size	: 8192 KB
physical id	: 0
siblings	: 8
core id		: 2
cpu cores	: 4
apicid		: 5
initial apicid	: 5
fpu		: yes
fpu_exception	: yes
cpuid level	: 13
wp		: yes
flags		: fpu vme de pse tsc msr pae mce cx8 apic sep mtrr pge mca cmov pat pse36 clflush dts acpi mmx fxsr sse sse2 ss ht tm pbe syscall nx pdpe1gb rdtscp lm constant_tsc arch_perfmon pebs bts rep_good nopl xtopology nonstop_tsc aperfmperf eagerfpu pni pclmulqdq dtes64 monitor ds_cpl vmx smx est tm2 ssse3 sdbg fma cx16 xtpr pdcm pcid sse4_1 sse4_2 x2apic movbe popcnt tsc_deadline_timer aes xsave avx f16c rdrand lahf_lm abm tpr_shadow vnmi flexpriority ept vpid fsgsbase tsc_adjust bmi1 hle avx2 smep bmi2 erms invpcid rtm xsaveopt dtherm ida arat pln pts
bugs		:
bogomips	: 6602.29
clflush size	: 64
cache_alignment	: 64
address sizes	: 39 bits physical, 48 bits virtual
power management:

processor	: 7
vendor_id	: GenuineIntel
cpu family	: 6
model		: 60
model name	: Intel(R) Xeon(R) CPU E3-1230 v3 @ 3.30GHz
stepping	: 3
microcode	: 0x17
cpu MHz		: 3499.933
cache size	: 8192 KB
physical id	: 0
siblings	: 8
core id		: 3
cpu cores	: 4
apicid		: 7
initial apicid	: 7
fpu		: yes
fpu_exception	: yes
cpuid level	: 13
wp		: yes
flags		: fpu vme de pse tsc msr pae mce cx8 apic sep mtrr pge mca cmov pat pse36 clflush dts acpi mmx fxsr sse sse2 ss ht tm pbe syscall nx pdpe1gb rdtscp lm constant_tsc arch_perfmon pebs bts rep_good nopl xtopology nonstop_tsc aperfmperf eagerfpu pni pclmulqdq dtes64 monitor ds_cpl vmx smx est tm2 ssse3 sdbg fma cx16 xtpr pdcm pcid sse4_1 sse4_2 x2apic movbe popcnt tsc_deadline_timer aes xsave avx f16c rdrand lahf_lm abm tpr_shadow vnmi flexpriority ept vpid fsgsbase tsc_adjust bmi1 hle avx2 smep bmi2 erms invpcid rtm xsaveopt dtherm ida arat pln pts
bugs		:
bogomips	: 6602.29
clflush size	: 64
cache_alignment	: 64
address sizes	: 39 bits physical, 48 bits virtual
power management:



Memory: 4k page, physical 8048296k(2167052k free), swap 0k(0k free)

vm_info: OpenJDK 64-Bit Server VM (25.92-b14) for linux-amd64 JRE (1.8.0_92-b14), built on Apr 24 2016 15:02:36 by "builduser" with gcc 5.3.0

time: Sun May 22 14:50:39 2016
elapsed time: 201 seconds (0d 0h 3m 21s)

